Watching for file changes with StatReloader
Waiting for apps ready_event.
Apps ready_event triggered. Sending autoreload_started signal.
Watching dir C:\Users\Usuario\Downloads\project_security\securityapp\locale with glob **/*.mo.
Watching dir C:\Users\Usuario\Downloads\project_security\securityapp\securityapp\locale with glob **/*.mo.
(0.016) 
            SELECT name, type FROM sqlite_master
            WHERE type in ('table', 'view') AND NOT name='sqlite_sequence'
            ORDER BY name; args=None; alias=default
(0.000) SELECT "django_migrations"."id", "django_migrations"."app", "django_migrations"."name", "django_migrations"."applied" FROM "django_migrations"; args=(); alias=default
File C:\Users\Usuario\AppData\Local\Programs\Python\Python312\Lib\weakref.py first seen with mtime 1717721652.0
File C:\Users\Usuario\AppData\Local\Programs\Python\Python312\DLLs\_uuid.pyd first seen with mtime 1717721702.0
File C:\Users\Usuario\Downloads\project_security\venv\Lib\site-packages\django\db\backends\sqlite3\__init__.py first seen with mtime 1721792822.1174207
File C:\Users\Usuario\Downloads\project_security\venv\Lib\site-packages\django\core\serializers\python.py first seen with mtime 1721792821.9593334
File C:\Users\Usuario\Downloads\project_security\venv\Lib\site-packages\django\core\files\uploadhandler.py first seen with mtime 1721792821.7628653
File C:\Users\Usuario\AppData\Local\Programs\Python\Python312\Lib\importlib\resources\readers.py first seen with mtime 1717721652.0
File C:\Users\Usuario\AppData\Local\Programs\Python\Python312\Lib\multiprocessing\reduction.py first seen with mtime 1717721652.0
File C:\Users\Usuario\Downloads\project_security\venv\Lib\site-packages\cryptography\hazmat\bindings\_rust.pyd first seen with mtime 1721826115.101865
File C:\Users\Usuario\Downloads\project_security\venv\Lib\site-packages\django\contrib\admin\decorators.py first seen with mtime 1721792809.7002995
File C:\Users\Usuario\Downloads\project_security\venv\Lib\site-packages\django\contrib\contenttypes\apps.py first seen with mtime 1721792813.8616123
File C:\Users\Usuario\Downloads\project_security\venv\Lib\site-packages\django\template\autoreload.py first seen with mtime 1721792822.6650314
File C:\Users\Usuario\Downloads\project_security\venv\Lib\site-packages\django\utils\datastructures.py first seen with mtime 1721792822.8859646
File C:\Users\Usuario\AppData\Local\Programs\Python\Python312\Lib\email\feedparser.py first seen with mtime 1717721652.0
File C:\Users\Usuario\Downloads\project_security\venv\Lib\site-packages\django\utils\html.py first seen with mtime 1721792822.9168622
File C:\Users\Usuario\AppData\Local\Programs\Python\Python312\Lib\email\mime\text.py first seen with mtime 1717721652.0
File C:\Users\Usuario\Downloads\project_security\venv\Lib\site-packages\django\templatetags\l10n.py first seen with mtime 1721792822.7729049
File C:\Users\Usuario\Downloads\project_security\venv\Lib\site-packages\django\utils\_os.py first seen with mtime 1721792822.8367028
File C:\Users\Usuario\Downloads\project_security\venv\Lib\site-packages\django\db\models\utils.py first seen with mtime 1721792822.248591
File C:\Users\Usuario\AppData\Local\Programs\Python\Python312\Lib\email\header.py first seen with mtime 1717721652.0
File C:\Users\Usuario\Downloads\project_security\venv\Lib\site-packages\django\core\__init__.py first seen with mtime 1721792821.6211703
File C:\Users\Usuario\Downloads\project_security\venv\Lib\site-packages\sqlparse\tokens.py first seen with mtime 1721792805.5424464
File C:\Users\Usuario\Downloads\project_security\venv\Lib\site-packages\cryptography\utils.py first seen with mtime 1721826114.6211424
File C:\Users\Usuario\Downloads\project_security\venv\Lib\site-packages\requests\compat.py first seen with mtime 1721796366.0692751
File C:\Users\Usuario\AppData\Local\Programs\Python\Python312\Lib\email\headerregistry.py first seen with mtime 1717721652.0
File C:\Users\Usuario\Downloads\project_security\venv\Lib\site-packages\idna\idnadata.py first seen with mtime 1721796364.4292786
File C:\Users\Usuario\Downloads\project_security\venv\Lib\site-packages\django\contrib\contenttypes\forms.py first seen with mtime 1721792813.8976002
File C:\Users\Usuario\Downloads\project_security\venv\Lib\site-packages\django\contrib\staticfiles\management\commands\runserver.py first seen with mtime 1721792821.6041791
File C:\Users\Usuario\Downloads\project_security\venv\Lib\site-packages\django\middleware\csrf.py first seen with mtime 1721792822.6527562
File C:\Users\Usuario\Downloads\project_security\venv\Lib\site-packages\django\middleware\__init__.py first seen with mtime 1721792822.6192238
File C:\Users\Usuario\Downloads\project_security\venv\Lib\site-packages\django\views\generic\__init__.py first seen with mtime 1721792823.0061898
File C:\Users\Usuario\Downloads\project_security\venv\Lib\site-packages\django\db\models\indexes.py first seen with mtime 1721792822.2276025
File C:\Users\Usuario\Downloads\project_security\venv\Lib\site-packages\requests\cookies.py first seen with mtime 1721796366.0692751
File C:\Users\Usuario\Downloads\project_security\venv\Lib\site-packages\django\contrib\sessions\base_session.py first seen with mtime 1721792819.7396257
File C:\Users\Usuario\Downloads\project_security\venv\Lib\site-packages\django\template\loaders\base.py first seen with mtime 1721792822.7509167
File C:\Users\Usuario\AppData\Local\Programs\Python\Python312\Lib\ctypes\_endian.py first seen with mtime 1717721652.0
File C:\Users\Usuario\Downloads\project_security\venv\Lib\site-packages\django\core\checks\files.py first seen with mtime 1721792821.6743178
File C:\Users\Usuario\Downloads\project_security\venv\Lib\site-packages\sqlparse\cli.py first seen with mtime 1721792805.5300443
File C:\Users\Usuario\Downloads\project_security\venv\Lib\site-packages\urllib3\_request_methods.py first seen with mtime 1721796363.4794044
File C:\Users\Usuario\Downloads\project_security\venv\Lib\site-packages\django\core\checks\compatibility\django_4_0.py first seen with mtime 1721792821.7231662
File C:\Users\Usuario\Downloads\project_security\venv\Lib\site-packages\django\db\models\functions\__init__.py first seen with mtime 1721792822.2765443
File C:\Users\Usuario\Downloads\project_security\venv\Lib\site-packages\django\db\models\fields\related.py first seen with mtime 1721792822.2675495
File C:\Users\Usuario\Downloads\project_security\venv\Lib\site-packages\django\utils\cache.py first seen with mtime 1721792822.8783362
File C:\Users\Usuario\Downloads\project_security\venv\Lib\site-packages\django\template\loaders\filesystem.py first seen with mtime 1721792822.7629106
File C:\Users\Usuario\AppData\Local\Programs\Python\Python312\Lib\pathlib.py first seen with mtime 1717721652.0
File C:\Users\Usuario\AppData\Local\Programs\Python\Python312\DLLs\select.pyd first seen with mtime 1717721702.0
File C:\Users\Usuario\Downloads\project_security\venv\Lib\site-packages\django\db\backends\base\operations.py first seen with mtime 1721792822.027052
File C:\Users\Usuario\Downloads\project_security\venv\Lib\site-packages\django\db\backends\signals.py first seen with mtime 1721792821.9881494
File C:\Users\Usuario\Downloads\project_security\venv\Lib\site-packages\django\db\models\__init__.py first seen with mtime 1721792822.1943448
File C:\Users\Usuario\AppData\Local\Programs\Python\Python312\Lib\email\message.py first seen with mtime 1717721652.0
File C:\Users\Usuario\AppData\Local\Programs\Python\Python312\Lib\_compat_pickle.py first seen with mtime 1717721652.0
File C:\Users\Usuario\Downloads\project_security\venv\Lib\site-packages\django\views\decorators\common.py first seen with mtime 1721792822.994881
File C:\Users\Usuario\Downloads\project_security\venv\Lib\site-packages\django\db\models\constants.py first seen with mtime 1721792822.2033415
File C:\Users\Usuario\AppData\Local\Programs\Python\Python312\Lib\stringprep.py first seen with mtime 1717721652.0
File C:\Users\Usuario\Downloads\project_security\venv\Lib\site-packages\django\contrib\auth\middleware.py first seen with mtime 1721792813.053138
File C:\Users\Usuario\AppData\Local\Programs\Python\Python312\Lib\concurrent\futures\_base.py first seen with mtime 1717721652.0
File C:\Users\Usuario\Downloads\project_security\venv\Lib\site-packages\django\core\checks\messages.py first seen with mtime 1721792821.6763165
File C:\Users\Usuario\Downloads\project_security\venv\Lib\site-packages\django\db\migrations\utils.py first seen with mtime 1721792822.1776464
File C:\Users\Usuario\AppData\Local\Programs\Python\Python312\Lib\asyncio\timeouts.py first seen with mtime 1717721652.0
File C:\Users\Usuario\AppData\Local\Programs\Python\Python312\Lib\ast.py first seen with mtime 1717721652.0
File C:\Users\Usuario\Downloads\project_security\venv\Lib\site-packages\cryptography\hazmat\decrepit\ciphers\algorithms.py first seen with mtime 1721826114.2137141
File C:\Users\Usuario\Downloads\project_security\venv\Lib\site-packages\django\core\checks\urls.py first seen with mtime 1721792821.7181675
File C:\Users\Usuario\Downloads\project_security\venv\Lib\site-packages\django\contrib\staticfiles\management\commands\__init__.py first seen with mtime 1721792821.578545
File C:\Users\Usuario\Downloads\project_security\venv\Lib\site-packages\cryptography\hazmat\bindings\__init__.py first seen with mtime 1721826114.2067177
File C:\Users\Usuario\Downloads\project_security\venv\Lib\site-packages\django\template\engine.py first seen with mtime 1721792822.705002
File C:\Users\Usuario\AppData\Local\Programs\Python\Python312\Lib\asyncio\windows_utils.py first seen with mtime 1717721652.0
File C:\Users\Usuario\Downloads\project_security\venv\Lib\site-packages\django\core\handlers\base.py first seen with mtime 1721792821.7880654
File C:\Users\Usuario\Downloads\project_security\venv\Lib\site-packages\django\contrib\contenttypes\models.py first seen with mtime 1721792813.9228828
File C:\Users\Usuario\AppData\Local\Programs\Python\Python312\Lib\importlib\resources\abc.py first seen with mtime 1717721652.0
File C:\Users\Usuario\Downloads\project_security\venv\Lib\site-packages\django\db\migrations\migration.py first seen with mtime 1721792822.1594498
File C:\Users\Usuario\Downloads\project_security\venv\Lib\site-packages\django\core\mail\__init__.py first seen with mtime 1721792821.797059
File C:\Users\Usuario\AppData\Local\Programs\Python\Python312\Lib\asyncio\windows_events.py first seen with mtime 1717721652.0
File C:\Users\Usuario\AppData\Local\Programs\Python\Python312\DLLs\_ctypes.pyd first seen with mtime 1717721702.0
File C:\Users\Usuario\Downloads\project_security\venv\Lib\site-packages\cryptography\hazmat\primitives\padding.py first seen with mtime 1721826114.488989
File C:\Users\Usuario\Downloads\project_security\venv\Lib\site-packages\django\__init__.py first seen with mtime 1721792808.0895953
File C:\Users\Usuario\Downloads\project_security\venv\Lib\site-packages\django\forms\formsets.py first seen with mtime 1721792822.3175645
File C:\Users\Usuario\Downloads\project_security\venv\Lib\site-packages\django\apps\__init__.py first seen with mtime 1721792808.103583
File C:\Users\Usuario\Downloads\project_security\venv\Lib\site-packages\django\utils\duration.py first seen with mtime 1721792822.899956
File C:\Users\Usuario\Downloads\project_security\venv\Lib\site-packages\django\db\models\signals.py first seen with mtime 1721792822.2455943
File C:\Users\Usuario\AppData\Local\Programs\Python\Python312\Lib\gettext.py first seen with mtime 1717721652.0
File C:\Users\Usuario\Downloads\project_security\venv\Lib\site-packages\django\core\management\commands\__init__.py first seen with mtime 1721792821.857568
File C:\Users\Usuario\Downloads\project_security\venv\Lib\site-packages\django\core\files\temp.py first seen with mtime 1721792821.7458737
File C:\Users\Usuario\Downloads\project_security\venv\Lib\site-packages\django\contrib\messages\constants.py first seen with mtime 1721792818.1978786
File C:\Users\Usuario\Downloads\project_security\venv\Lib\site-packages\django\db\backends\sqlite3\operations.py first seen with mtime 1721792822.139462
File C:\Users\Usuario\Downloads\project_security\venv\Lib\site-packages\django\core\checks\translation.py first seen with mtime 1721792821.71517
File C:\Users\Usuario\Downloads\project_security\venv\Lib\site-packages\urllib3\util\proxy.py first seen with mtime 1721796363.5295713
File C:\Users\Usuario\Downloads\project_security\venv\Lib\site-packages\django\core\servers\__init__.py first seen with mtime 1721792821.974157
File C:\Users\Usuario\AppData\Local\Programs\Python\Python312\Lib\json\__init__.py first seen with mtime 1717721652.0
File C:\Users\Usuario\AppData\Local\Programs\Python\Python312\Lib\calendar.py first seen with mtime 1717721652.0
File C:\Users\Usuario\AppData\Local\Programs\Python\Python312\Lib\asyncio\runners.py first seen with mtime 1717721652.0
File C:\Users\Usuario\Downloads\project_security\venv\Lib\site-packages\urllib3\util\response.py first seen with mtime 1721796363.537819
File C:\Users\Usuario\Downloads\project_security\venv\Lib\site-packages\django\urls\utils.py first seen with mtime 1721792822.8337042
File C:\Users\Usuario\Downloads\project_security\venv\Lib\site-packages\django\db\models\base.py first seen with mtime 1721792822.2013414
File C:\Users\Usuario\Downloads\project_security\venv\Lib\site-packages\charset_normalizer\models.py first seen with mtime 1721796365.1145327
File C:\Users\Usuario\Downloads\project_security\venv\Lib\site-packages\idna\core.py first seen with mtime 1721796364.41996
File C:\Users\Usuario\AppData\Local\Programs\Python\Python312\Lib\html\__init__.py first seen with mtime 1717721652.0
File C:\Users\Usuario\AppData\Local\Programs\Python\Python312\Lib\html\parser.py first seen with mtime 1717721652.0
File C:\Users\Usuario\AppData\Local\Programs\Python\Python312\Lib\reprlib.py first seen with mtime 1717721652.0
File C:\Users\Usuario\AppData\Local\Programs\Python\Python312\Lib\urllib\request.py first seen with mtime 1717721652.0
File C:\Users\Usuario\Downloads\project_security\venv\Lib\site-packages\django\utils\lorem_ipsum.py first seen with mtime 1721792822.9321313
File C:\Users\Usuario\AppData\Local\Programs\Python\Python312\DLLs\_lzma.pyd first seen with mtime 1717721702.0
File C:\Users\Usuario\Downloads\project_security\venv\Lib\site-packages\django\utils\asyncio.py first seen with mtime 1721792822.8416998
File C:\Users\Usuario\Downloads\project_security\venv\Lib\site-packages\idna\intranges.py first seen with mtime 1721796364.4296067
File C:\Users\Usuario\Downloads\project_security\venv\Lib\site-packages\sqlparse\exceptions.py first seen with mtime 1721792805.5320427
File C:\Users\Usuario\Downloads\project_security\venv\Lib\site-packages\charset_normalizer\legacy.py first seen with mtime 1721796365.1026957
File C:\Users\Usuario\Downloads\project_security\venv\Lib\site-packages\django\db\backends\base\base.py first seen with mtime 1721792821.9981446
File C:\Users\Usuario\Downloads\project_security\venv\Lib\site-packages\django\views\decorators\debug.py first seen with mtime 1721792822.9988787
File C:\Users\Usuario\Downloads\project_security\venv\Lib\site-packages\sqlparse\sql.py first seen with mtime 1721792805.5404513
File C:\Users\Usuario\AppData\Local\Programs\Python\Python312\Lib\encodings\idna.py first seen with mtime 1717721652.0
File C:\Users\Usuario\Downloads\project_security\venv\Lib\site-packages\cryptography\hazmat\primitives\ciphers\base.py first seen with mtime 1721826114.3446386
File C:\Users\Usuario\Downloads\project_security\venv\Lib\site-packages\urllib3\filepost.py first seen with mtime 1721796363.4981482
File C:\Users\Usuario\Downloads\project_security\venv\Lib\site-packages\django\utils\functional.py first seen with mtime 1721792822.9079516
File C:\Users\Usuario\Downloads\project_security\venv\Lib\site-packages\django\utils\tree.py first seen with mtime 1721792822.9565806
File C:\Users\Usuario\AppData\Local\Programs\Python\Python312\Lib\fnmatch.py first seen with mtime 1717721652.0
File C:\Users\Usuario\AppData\Local\Programs\Python\Python312\Lib\asyncio\coroutines.py first seen with mtime 1717721652.0
File C:\Users\Usuario\AppData\Local\Programs\Python\Python312\Lib\dis.py first seen with mtime 1717721652.0
File C:\Users\Usuario\Downloads\project_security\venv\Lib\site-packages\django\contrib\staticfiles\views.py first seen with mtime 1721792821.5745473
File C:\Users\Usuario\Downloads\project_security\venv\Lib\site-packages\django\core\validators.py first seen with mtime 1721792821.6341622
File C:\Users\Usuario\Downloads\project_security\venv\Lib\site-packages\django\utils\regex_helper.py first seen with mtime 1721792822.9381278
File C:\Users\Usuario\AppData\Local\Programs\Python\Python312\Lib\collections\__init__.py first seen with mtime 1717721652.0
File C:\Users\Usuario\AppData\Local\Programs\Python\Python312\Lib\tempfile.py first seen with mtime 1717721652.0
File C:\Users\Usuario\Downloads\project_security\venv\Lib\site-packages\django\db\backends\base\__init__.py first seen with mtime 1721792821.9921467
File C:\Users\Usuario\Downloads\project_security\securityapp\securityapp\views.py first seen with mtime 1721840952.0257044
File C:\Users\Usuario\AppData\Local\Programs\Python\Python312\Lib\asyncio\base_subprocess.py first seen with mtime 1717721652.0
File C:\Users\Usuario\Downloads\project_security\venv\Lib\site-packages\django\core\checks\async_checks.py first seen with mtime 1721792821.66932
File C:\Users\Usuario\Downloads\project_security\venv\Lib\site-packages\django\template\loaders\app_directories.py first seen with mtime 1721792822.7365878
File C:\Users\Usuario\Downloads\project_security\venv\Lib\site-packages\django\contrib\sites\requests.py first seen with mtime 1721792820.6226475
File C:\Users\Usuario\AppData\Local\Programs\Python\Python312\Lib\email\_parseaddr.py first seen with mtime 1717721652.0
File C:\Users\Usuario\Downloads\project_security\venv\Lib\site-packages\django\core\checks\__init__.py first seen with mtime 1721792821.6673217
File C:\Users\Usuario\Downloads\project_security\venv\Lib\site-packages\urllib3\util\ssl_match_hostname.py first seen with mtime 1721796363.5458226
File C:\Users\Usuario\Downloads\project_security\venv\Lib\site-packages\django\contrib\messages\utils.py first seen with mtime 1721792818.2058723
File C:\Users\Usuario\Downloads\project_security\venv\Lib\site-packages\django\core\cache\backends\locmem.py first seen with mtime 1721792821.6613252
File C:\Users\Usuario\AppData\Local\Programs\Python\Python312\Lib\pickle.py first seen with mtime 1717721652.0
File C:\Users\Usuario\Downloads\project_security\venv\Lib\site-packages\django\conf\global_settings.py first seen with mtime 1721792808.1115782
File C:\Users\Usuario\AppData\Local\Programs\Python\Python312\Lib\http\client.py first seen with mtime 1717721652.0
File C:\Users\Usuario\AppData\Local\Programs\Python\Python312\Lib\email\mime\multipart.py first seen with mtime 1717721652.0
File C:\Users\Usuario\AppData\Local\Programs\Python\Python312\Lib\asyncio\constants.py first seen with mtime 1717721652.0
File C:\Users\Usuario\Downloads\project_security\venv\Lib\site-packages\dotenv\main.py first seen with mtime 1721796461.6863446
File C:\Users\Usuario\Downloads\project_security\venv\Lib\site-packages\django\forms\boundfield.py first seen with mtime 1721792822.3175645
File C:\Users\Usuario\AppData\Local\Programs\Python\Python312\Lib\encodings\utf_8.py first seen with mtime 1717721652.0
File C:\Users\Usuario\Downloads\project_security\venv\Lib\site-packages\django\views\i18n.py first seen with mtime 1721792822.9817019
File C:\Users\Usuario\Downloads\project_security\venv\Lib\site-packages\django\http\cookie.py first seen with mtime 1721792822.6092298
File C:\Users\Usuario\Downloads\project_security\venv\Lib\site-packages\django\db\backends\sqlite3\_functions.py first seen with mtime 1721792822.1204183
File C:\Users\Usuario\Downloads\project_security\venv\Lib\site-packages\django\contrib\auth\hashers.py first seen with mtime 1721792813.051139
File C:\Users\Usuario\Downloads\project_security\venv\Lib\site-packages\dotenv\parser.py first seen with mtime 1721796461.6863446
File C:\Users\Usuario\Downloads\project_security\venv\Lib\site-packages\urllib3\contrib\__init__.py first seen with mtime 1721796363.4981482
File C:\Users\Usuario\Downloads\project_security\venv\Lib\site-packages\django\utils\crypto.py first seen with mtime 1721792822.8843381
File C:\Users\Usuario\AppData\Local\Programs\Python\Python312\Lib\logging\config.py first seen with mtime 1717721652.0
File C:\Users\Usuario\Downloads\project_security\venv\Lib\site-packages\sqlparse\filters\others.py first seen with mtime 1721792805.5641425
File C:\Users\Usuario\Downloads\project_security\venv\Lib\site-packages\django\db\models\manager.py first seen with mtime 1721792822.231601
File C:\Users\Usuario\Downloads\project_security\venv\Lib\site-packages\django\db\backends\base\client.py first seen with mtime 1721792822.000144
File C:\Users\Usuario\AppData\Local\Programs\Python\Python312\Lib\asyncio\streams.py first seen with mtime 1717721652.0
File C:\Users\Usuario\AppData\Local\Programs\Python\Python312\Lib\wsgiref\util.py first seen with mtime 1717721652.0
File C:\Users\Usuario\Downloads\project_security\venv\Lib\site-packages\django\http\multipartparser.py first seen with mtime 1721792822.6122298
File C:\Users\Usuario\Downloads\project_security\securityapp\securityapp\settings.py first seen with mtime 1721841668.6840615
File C:\Users\Usuario\AppData\Local\Programs\Python\Python312\Lib\bz2.py first seen with mtime 1717721652.0
File C:\Users\Usuario\Downloads\project_security\venv\Lib\site-packages\django\template\library.py first seen with mtime 1721792822.7089992
File C:\Users\Usuario\Downloads\project_security\venv\Lib\site-packages\urllib3\exceptions.py first seen with mtime 1721796363.490143
File C:\Users\Usuario\AppData\Local\Programs\Python\Python312\Lib\asyncio\trsock.py first seen with mtime 1717721652.0
File C:\Users\Usuario\Downloads\project_security\venv\Lib\site-packages\django\core\files\locks.py first seen with mtime 1721792821.7428765
File C:\Users\Usuario\Downloads\project_security\venv\Lib\site-packages\django\views\decorators\__init__.py first seen with mtime 1721792822.9878852
File C:\Users\Usuario\Downloads\project_security\venv\Lib\site-packages\django\core\files\uploadedfile.py first seen with mtime 1721792821.7488728
File C:\Users\Usuario\Downloads\project_security\venv\Lib\site-packages\django\contrib\auth\__init__.py first seen with mtime 1721792813.008512
File C:\Users\Usuario\Downloads\project_security\venv\Lib\site-packages\django\core\cache\backends\filebased.py first seen with mtime 1721792821.6583266
File C:\Users\Usuario\AppData\Local\Programs\Python\Python312\Lib\html\entities.py first seen with mtime 1717721652.0
File C:\Users\Usuario\AppData\Local\Programs\Python\Python312\Lib\json\scanner.py first seen with mtime 1717721652.0
File C:\Users\Usuario\Downloads\project_security\venv\Lib\site-packages\django\contrib\admin\utils.py first seen with mtime 1721792809.7277703
File C:\Users\Usuario\AppData\Local\Programs\Python\Python312\Lib\asyncio\proactor_events.py first seen with mtime 1717721652.0
File C:\Users\Usuario\Downloads\project_security\venv\Lib\site-packages\urllib3\_base_connection.py first seen with mtime 1721796363.4794044
File C:\Users\Usuario\Downloads\project_security\venv\Lib\site-packages\django\db\models\fields\related_lookups.py first seen with mtime 1721792822.272547
File C:\Users\Usuario\Downloads\project_security\venv\Lib\site-packages\django\db\models\sql\__init__.py first seen with mtime 1721792822.2915308
File C:\Users\Usuario\Downloads\project_security\venv\Lib\site-packages\django\forms\widgets.py first seen with mtime 1721792822.344213
File C:\Users\Usuario\Downloads\project_security\venv\Lib\site-packages\django\contrib\messages\storage\__init__.py first seen with mtime 1721792818.2098703
File C:\Users\Usuario\Downloads\project_security\venv\Lib\site-packages\django\contrib\sessions\backends\__init__.py first seen with mtime 1721792819.7552161
File C:\Users\Usuario\Downloads\project_security\venv\Lib\site-packages\urllib3\util\retry.py first seen with mtime 1721796363.537819
File C:\Users\Usuario\Downloads\project_security\venv\Lib\site-packages\sqlparse\keywords.py first seen with mtime 1721792805.5374496
File C:\Users\Usuario\Downloads\project_security\venv\Lib\site-packages\django\core\cache\backends\__init__.py first seen with mtime 1721792821.6490035
File C:\Users\Usuario\Downloads\project_security\venv\Lib\site-packages\django\db\models\fields\json.py first seen with mtime 1721792822.2575855
File C:\Users\Usuario\Downloads\project_security\venv\Lib\site-packages\django\core\management\commands\runserver.py first seen with mtime 1721792821.9178975
File C:\Users\Usuario\AppData\Local\Programs\Python\Python312\Lib\logging\handlers.py first seen with mtime 1717721652.0
File C:\Users\Usuario\Downloads\project_security\venv\Lib\site-packages\django\core\handlers\asgi.py first seen with mtime 1721792821.784068
File C:\Users\Usuario\Downloads\project_security\venv\Lib\site-packages\django\db\models\options.py first seen with mtime 1721792822.2345996
File C:\Users\Usuario\Downloads\project_security\venv\Lib\site-packages\django\contrib\admin\models.py first seen with mtime 1721792809.7177753
File C:\Users\Usuario\Downloads\project_security\venv\Lib\site-packages\django\db\backends\sqlite3\creation.py first seen with mtime 1721792822.127415
File C:\Users\Usuario\Downloads\project_security\venv\Lib\site-packages\django\db\models\sql\where.py first seen with mtime 1721792822.313518
File C:\Users\Usuario\Downloads\project_security\venv\Lib\site-packages\charset_normalizer\constant.py first seen with mtime 1721796365.1026957
File C:\Users\Usuario\AppData\Local\Programs\Python\Python312\DLLs\_sqlite3.pyd first seen with mtime 1717721702.0
File C:\Users\Usuario\Downloads\project_security\venv\Lib\site-packages\django\shortcuts.py first seen with mtime 1721792808.1005907
File C:\Users\Usuario\Downloads\project_security\venv\Lib\site-packages\django\contrib\admin\templatetags\log.py first seen with mtime 1721792812.1319253
File C:\Users\Usuario\AppData\Local\Programs\Python\Python312\Lib\asyncio\mixins.py first seen with mtime 1717721652.0
File C:\Users\Usuario\Downloads\project_security\venv\Lib\site-packages\django\contrib\auth\backends.py first seen with mtime 1721792813.0351477
File C:\Users\Usuario\Downloads\project_security\venv\Lib\site-packages\django\core\checks\security\__init__.py first seen with mtime 1721792821.724165
File C:\Users\Usuario\Downloads\project_security\venv\Lib\site-packages\django\utils\translation\trans_real.py first seen with mtime 1721792822.972256
File C:\Users\Usuario\Downloads\project_security\venv\Lib\site-packages\cryptography\hazmat\__init__.py first seen with mtime 1721826114.6141458
File C:\Users\Usuario\Downloads\project_security\venv\Lib\site-packages\django\template\backends\base.py first seen with mtime 1721792822.722992
File C:\Users\Usuario\AppData\Local\Programs\Python\Python312\Lib\email\utils.py first seen with mtime 1717721652.0
File C:\Users\Usuario\Downloads\project_security\venv\Lib\site-packages\requests\exceptions.py first seen with mtime 1721796366.0692751
File C:\Users\Usuario\Downloads\project_security\venv\Lib\site-packages\django\core\signals.py first seen with mtime 1721792821.6301641
File C:\Users\Usuario\Downloads\project_security\venv\Lib\site-packages\django\contrib\staticfiles\handlers.py first seen with mtime 1721792821.5645535
File C:\Users\Usuario\AppData\Local\Programs\Python\Python312\Lib\base64.py first seen with mtime 1717721652.0
File C:\Users\Usuario\Downloads\project_security\securityapp\securityapp\__init__.py first seen with mtime 1721792672.529074
File C:\Users\Usuario\AppData\Local\Programs\Python\Python312\Lib\numbers.py first seen with mtime 1717721652.0
File C:\Users\Usuario\AppData\Local\Programs\Python\Python312\Lib\asyncio\protocols.py first seen with mtime 1717721652.0
File C:\Users\Usuario\AppData\Local\Programs\Python\Python312\Lib\datetime.py first seen with mtime 1717721652.0
File C:\Users\Usuario\Downloads\project_security\venv\Lib\site-packages\cryptography\hazmat\primitives\_cipheralgorithm.py first seen with mtime 1721826114.6049225
File C:\Users\Usuario\AppData\Local\Programs\Python\Python312\Lib\traceback.py first seen with mtime 1717721652.0
File C:\Users\Usuario\Downloads\project_security\venv\Lib\site-packages\django\template\defaulttags.py first seen with mtime 1721792822.6761613
File C:\Users\Usuario\AppData\Local\Programs\Python\Python312\Lib\statistics.py first seen with mtime 1717721652.0
File C:\Users\Usuario\Downloads\project_security\venv\Lib\site-packages\django\db\migrations\operations\base.py first seen with mtime 1721792822.186349
File C:\Users\Usuario\AppData\Local\Programs\Python\Python312\Lib\random.py first seen with mtime 1717721652.0
File C:\Users\Usuario\Downloads\project_security\venv\Lib\site-packages\sqlparse\filters\aligned_indent.py first seen with mtime 1721792805.5621438
File C:\Users\Usuario\Downloads\project_security\venv\Lib\site-packages\django\core\serializers\__init__.py first seen with mtime 1721792821.9513378
File C:\Users\Usuario\AppData\Local\Programs\Python\Python312\Lib\urllib\__init__.py first seen with mtime 1717721652.0
File C:\Users\Usuario\Downloads\project_security\venv\Lib\site-packages\django\db\models\expressions.py first seen with mtime 1721792822.2106073
File C:\Users\Usuario\Downloads\project_security\venv\Lib\site-packages\django\utils\version.py first seen with mtime 1721792822.958579
File C:\Users\Usuario\Downloads\project_security\venv\Lib\site-packages\django\db\models\fields\mixins.py first seen with mtime 1721792822.2603254
File C:\Users\Usuario\Downloads\project_security\venv\Lib\site-packages\django\core\files\storage\__init__.py first seen with mtime 1721792821.766442
File C:\Users\Usuario\Downloads\project_security\venv\Lib\site-packages\django\utils\termcolors.py first seen with mtime 1721792822.942125
File C:\Users\Usuario\Downloads\project_security\venv\Lib\site-packages\django\core\mail\utils.py first seen with mtime 1721792821.82646
File C:\Users\Usuario\Downloads\project_security\venv\Lib\site-packages\django\db\models\query_utils.py first seen with mtime 1721792822.2435944
File C:\Users\Usuario\AppData\Local\Programs\Python\Python312\Lib\urllib\response.py first seen with mtime 1717721652.0
File C:\Users\Usuario\AppData\Local\Programs\Python\Python312\Lib\concurrent\futures\thread.py first seen with mtime 1717721652.0
File C:\Users\Usuario\AppData\Local\Programs\Python\Python312\Lib\email\mime\base.py first seen with mtime 1717721652.0
File C:\Users\Usuario\Downloads\project_security\venv\Lib\site-packages\django\utils\text.py first seen with mtime 1721792822.944563
File C:\Users\Usuario\Downloads\project_security\venv\Lib\site-packages\django\core\files\storage\handler.py first seen with mtime 1721792821.7750733
File C:\Users\Usuario\Downloads\project_security\venv\Lib\site-packages\django\http\__init__.py first seen with mtime 1721792822.6082296
File C:\Users\Usuario\AppData\Local\Programs\Python\Python312\Lib\asyncio\subprocess.py first seen with mtime 1717721652.0
File C:\Users\Usuario\Downloads\project_security\venv\Lib\site-packages\django\db\backends\__init__.py first seen with mtime 1721792821.9841523
File C:\Users\Usuario\Downloads\project_security\venv\Lib\site-packages\django\conf\locale\__init__.py first seen with mtime 1721792808.1299977
File C:\Users\Usuario\Downloads\project_security\venv\Lib\site-packages\django\views\csrf.py first seen with mtime 1721792822.9752545
File C:\Users\Usuario\Downloads\project_security\venv\Lib\site-packages\django\db\models\sql\query.py first seen with mtime 1721792822.3085213
File C:\Users\Usuario\Downloads\project_security\venv\Lib\site-packages\django\contrib\messages\storage\base.py first seen with mtime 1721792818.2118697
File C:\Users\Usuario\Downloads\project_security\venv\Lib\site-packages\urllib3\poolmanager.py first seen with mtime 1721796363.4981482
File C:\Users\Usuario\Downloads\project_security\venv\Lib\site-packages\django\db\models\functions\math.py first seen with mtime 1721792822.2825403
File C:\Users\Usuario\AppData\Local\Programs\Python\Python312\Lib\zipfile\_path\__init__.py first seen with mtime 1717721652.0
File C:\Users\Usuario\Downloads\project_security\venv\Lib\site-packages\sqlparse\filters\reindent.py first seen with mtime 1721792805.5678985
File C:\Users\Usuario\AppData\Local\Programs\Python\Python312\Lib\asyncio\futures.py first seen with mtime 1717721652.0
File C:\Users\Usuario\AppData\Local\Programs\Python\Python312\Lib\importlib\resources\_common.py first seen with mtime 1717721652.0
File C:\Users\Usuario\AppData\Local\Programs\Python\Python312\Lib\asyncio\staggered.py first seen with mtime 1717721652.0
File C:\Users\Usuario\AppData\Local\Programs\Python\Python312\Lib\collections\abc.py first seen with mtime 1717721652.0
File C:\Users\Usuario\Downloads\project_security\venv\Lib\site-packages\urllib3\_version.py first seen with mtime 1721796363.487408
File C:\Users\Usuario\Downloads\project_security\venv\Lib\site-packages\django\contrib\admin\templatetags\admin_modify.py first seen with mtime 1721792812.1256843
File C:\Users\Usuario\Downloads\project_security\venv\Lib\site-packages\django\contrib\staticfiles\finders.py first seen with mtime 1721792821.562554
File C:\Users\Usuario\AppData\Local\Programs\Python\Python312\Lib\zoneinfo\__init__.py first seen with mtime 1717721652.0
File C:\Users\Usuario\Downloads\project_security\venv\Lib\site-packages\django\contrib\contenttypes\views.py first seen with mtime 1721792813.932876
File C:\Users\Usuario\Downloads\project_security\venv\Lib\site-packages\cryptography\exceptions.py first seen with mtime 1721826113.6727107
File C:\Users\Usuario\AppData\Local\Programs\Python\Python312\Lib\re\_compiler.py first seen with mtime 1717721652.0
File C:\Users\Usuario\AppData\Local\Programs\Python\Python312\Lib\multiprocessing\process.py first seen with mtime 1717721652.0
File C:\Users\Usuario\Downloads\project_security\venv\Lib\site-packages\django\core\servers\basehttp.py first seen with mtime 1721792821.9761565
File C:\Users\Usuario\AppData\Local\Programs\Python\Python312\Lib\urllib\error.py first seen with mtime 1717721652.0
File C:\Users\Usuario\Downloads\project_security\venv\Lib\site-packages\django\core\serializers\base.py first seen with mtime 1721792821.9533367
File C:\Users\Usuario\AppData\Local\Programs\Python\Python312\Lib\re\__init__.py first seen with mtime 1717721652.0
File C:\Users\Usuario\Downloads\project_security\venv\Lib\site-packages\django\template\utils.py first seen with mtime 1721792822.7189934
File C:\Users\Usuario\Downloads\project_security\venv\Lib\site-packages\django\contrib\sessions\apps.py first seen with mtime 1721792819.7376266
File C:\Users\Usuario\Downloads\project_security\venv\Lib\site-packages\django\contrib\sessions\__init__.py first seen with mtime 1721792819.7356274
File C:\Users\Usuario\Downloads\project_security\venv\Lib\site-packages\django\contrib\contenttypes\admin.py first seen with mtime 1721792813.8606102
File C:\Users\Usuario\Downloads\project_security\venv\Lib\site-packages\django\template\backends\django.py first seen with mtime 1721792822.7259898
File C:\Users\Usuario\Downloads\project_security\venv\Lib\site-packages\django\contrib\auth\signals.py first seen with mtime 1721792813.0671296
File C:\Users\Usuario\Downloads\project_security\venv\Lib\site-packages\django\db\backends\base\features.py first seen with mtime 1721792822.019954
File C:\Users\Usuario\Downloads\project_security\venv\Lib\site-packages\django\core\mail\message.py first seen with mtime 1721792821.8220444
File C:\Users\Usuario\Downloads\project_security\venv\Lib\site-packages\django\contrib\auth\checks.py first seen with mtime 1721792813.039148
File C:\Users\Usuario\Downloads\project_security\venv\Lib\site-packages\django\db\backends\base\introspection.py first seen with mtime 1721792822.022952
File C:\Users\Usuario\Downloads\project_security\venv\Lib\site-packages\django\core\handlers\wsgi.py first seen with mtime 1721792821.7940617
File C:\Users\Usuario\Downloads\project_security\venv\Lib\site-packages\django\templatetags\i18n.py first seen with mtime 1721792822.7709088
File C:\Users\Usuario\Downloads\project_security\venv\Lib\site-packages\django\db\models\query.py first seen with mtime 1721792822.240595
File C:\Users\Usuario\AppData\Local\Programs\Python\Python312\Lib\email\iterators.py first seen with mtime 1717721652.0
File C:\Users\Usuario\Downloads\project_security\venv\Lib\site-packages\django\middleware\cache.py first seen with mtime 1721792822.6467588
File C:\Users\Usuario\AppData\Local\Programs\Python\Python312\Lib\argparse.py first seen with mtime 1717721652.0
File C:\Users\Usuario\Downloads\project_security\venv\Lib\site-packages\asgiref\sync.py first seen with mtime 1721792807.4609263
File C:\Users\Usuario\AppData\Local\Programs\Python\Python312\Lib\getpass.py first seen with mtime 1717721652.0
File C:\Users\Usuario\AppData\Local\Programs\Python\Python312\Lib\nturl2path.py first seen with mtime 1717721652.0
File C:\Users\Usuario\Downloads\project_security\venv\Lib\site-packages\sqlparse\filters\tokens.py first seen with mtime 1721792805.572212
File C:\Users\Usuario\AppData\Local\Programs\Python\Python312\Lib\importlib\resources\_legacy.py first seen with mtime 1717721652.0
File C:\Users\Usuario\Downloads\project_security\venv\Lib\site-packages\django\core\cache\utils.py first seen with mtime 1721792821.6401591
File C:\Users\Usuario\Downloads\project_security\venv\Lib\site-packages\charset_normalizer\api.py first seen with mtime 1721796365.0944617
File C:\Users\Usuario\Downloads\project_security\venv\Lib\site-packages\django\middleware\security.py first seen with mtime 1721792822.660751
File C:\Users\Usuario\AppData\Local\Programs\Python\Python312\Lib\types.py first seen with mtime 1717721652.0
File C:\Users\Usuario\Downloads\project_security\venv\Lib\site-packages\requests\status_codes.py first seen with mtime 1721796366.0881183
File C:\Users\Usuario\Downloads\project_security\venv\Lib\site-packages\django\db\models\fields\files.py first seen with mtime 1721792822.253589
File C:\Users\Usuario\Downloads\project_security\venv\Lib\site-packages\django\core\paginator.py first seen with mtime 1721792821.6271665
File C:\Users\Usuario\Downloads\project_security\venv\Lib\site-packages\django\core\files\__init__.py first seen with mtime 1721792821.7368793
File C:\Users\Usuario\AppData\Local\Programs\Python\Python312\DLLs\_ssl.pyd first seen with mtime 1717721702.0
File C:\Users\Usuario\AppData\Local\Programs\Python\Python312\Lib\email\generator.py first seen with mtime 1717721652.0
File C:\Users\Usuario\AppData\Local\Programs\Python\Python312\Lib\pkgutil.py first seen with mtime 1717721652.0
File C:\Users\Usuario\AppData\Local\Programs\Python\Python312\Lib\socketserver.py first seen with mtime 1717721652.0
File C:\Users\Usuario\AppData\Local\Programs\Python\Python312\Lib\zipfile\__init__.py first seen with mtime 1717721652.0
File C:\Users\Usuario\Downloads\project_security\venv\Lib\site-packages\django\urls\converters.py first seen with mtime 1721792822.82671
File C:\Users\Usuario\Downloads\project_security\venv\Lib\site-packages\django\core\files\move.py first seen with mtime 1721792821.744875
File C:\Users\Usuario\Downloads\project_security\venv\Lib\site-packages\django\core\management\color.py first seen with mtime 1721792821.8495736
File C:\Users\Usuario\Downloads\project_security\venv\Lib\site-packages\django\templatetags\tz.py first seen with mtime 1721792822.776193
File C:\Users\Usuario\Downloads\project_security\venv\Lib\site-packages\django\contrib\admin\templatetags\admin_list.py first seen with mtime 1721792812.1231606
File C:\Users\Usuario\Downloads\project_security\venv\Lib\site-packages\django\views\generic\detail.py first seen with mtime 1721792823.0123894
File C:\Users\Usuario\AppData\Local\Programs\Python\Python312\Lib\subprocess.py first seen with mtime 1717721652.0
File C:\Users\Usuario\Downloads\project_security\venv\Lib\site-packages\django\utils\encoding.py first seen with mtime 1721792822.9019558
File C:\Users\Usuario\AppData\Local\Programs\Python\Python312\Lib\email\__init__.py first seen with mtime 1717721652.0
File C:\Users\Usuario\AppData\Local\Programs\Python\Python312\Lib\_markupbase.py first seen with mtime 1717721652.0
File C:\Users\Usuario\Downloads\project_security\venv\Lib\site-packages\urllib3\connection.py first seen with mtime 1721796363.490143
File C:\Users\Usuario\Downloads\project_security\venv\Lib\site-packages\django\utils\itercompat.py first seen with mtime 1721792822.9238582
File C:\Users\Usuario\AppData\Local\Programs\Python\Python312\Lib\zoneinfo\_tzpath.py first seen with mtime 1717721652.0
File C:\Users\Usuario\AppData\Local\Programs\Python\Python312\Lib\enum.py first seen with mtime 1717721652.0
File C:\Users\Usuario\Downloads\project_security\venv\Lib\site-packages\cryptography\hazmat\primitives\hmac.py first seen with mtime 1721826114.4081135
File C:\Users\Usuario\Downloads\project_security\venv\Lib\site-packages\django\contrib\messages\apps.py first seen with mtime 1721792818.1968784
File C:\Users\Usuario\Downloads\project_security\venv\Lib\site-packages\django\views\decorators\csrf.py first seen with mtime 1721792822.9968796
File C:\Users\Usuario\Downloads\project_security\venv\Lib\site-packages\sqlparse\engine\filter_stack.py first seen with mtime 1721792805.5484426
File C:\Users\Usuario\AppData\Local\Programs\Python\Python312\Lib\graphlib.py first seen with mtime 1717721652.0
File C:\Users\Usuario\AppData\Local\Programs\Python\Python312\Lib\asyncio\log.py first seen with mtime 1717721652.0
File C:\Users\Usuario\Downloads\project_security\venv\Lib\site-packages\requests\models.py first seen with mtime 1721796366.0798347
File C:\Users\Usuario\Downloads\project_security\venv\Lib\site-packages\cryptography\hazmat\primitives\__init__.py first seen with mtime 1721826114.6101477
File C:\Users\Usuario\Downloads\project_security\venv\Lib\site-packages\django\views\__init__.py first seen with mtime 1721792822.9732554
File C:\Users\Usuario\Downloads\project_security\venv\Lib\site-packages\django\db\backends\sqlite3\features.py first seen with mtime 1721792822.1303263
File C:\Users\Usuario\Downloads\project_security\venv\Lib\site-packages\django\template\defaultfilters.py first seen with mtime 1721792822.6741612
File C:\Users\Usuario\AppData\Local\Programs\Python\Python312\Lib\wsgiref\simple_server.py first seen with mtime 1717721652.0
File C:\Users\Usuario\Downloads\project_security\securityapp\securityapp\utils.py first seen with mtime 1721835189.2248745
File C:\Users\Usuario\AppData\Local\Programs\Python\Python312\Lib\_compression.py first seen with mtime 1717721652.0
File C:\Users\Usuario\AppData\Local\Programs\Python\Python312\Lib\asyncio\transports.py first seen with mtime 1717721652.0
File C:\Users\Usuario\AppData\Local\Programs\Python\Python312\Lib\encodings\cp1252.py first seen with mtime 1717721652.0
File C:\Users\Usuario\AppData\Local\Programs\Python\Python312\Lib\multiprocessing\__init__.py first seen with mtime 1717721652.0
File C:\Users\Usuario\AppData\Local\Programs\Python\Python312\Lib\_weakrefset.py first seen with mtime 1717721652.0
File C:\Users\Usuario\Downloads\project_security\venv\Lib\site-packages\django\forms\__init__.py first seen with mtime 1721792822.3175645
File C:\Users\Usuario\AppData\Local\Programs\Python\Python312\Lib\ssl.py first seen with mtime 1717721652.0
File C:\Users\Usuario\Downloads\project_security\venv\Lib\site-packages\django\utils\deprecation.py first seen with mtime 1721792822.8979573
File C:\Users\Usuario\Downloads\project_security\venv\Lib\site-packages\django\utils\__init__.py first seen with mtime 1721792822.8347037
File C:\Users\Usuario\AppData\Local\Programs\Python\Python312\Lib\email\parser.py first seen with mtime 1717721652.0
File C:\Users\Usuario\Downloads\project_security\venv\Lib\site-packages\django\core\files\storage\memory.py first seen with mtime 1721792821.7770717
File C:\Users\Usuario\Downloads\project_security\venv\Lib\site-packages\django\utils\autoreload.py first seen with mtime 1721792822.8436997
File C:\Users\Usuario\Downloads\project_security\venv\Lib\site-packages\django\db\models\fields\proxy.py first seen with mtime 1721792822.2655509
File C:\Users\Usuario\Downloads\project_security\venv\Lib\site-packages\cryptography\__init__.py first seen with mtime 1721826114.6940136
File C:\Users\Usuario\Downloads\project_security\venv\Lib\site-packages\sqlparse\engine\__init__.py first seen with mtime 1721792805.546447
File C:\Users\Usuario\Downloads\project_security\venv\Lib\site-packages\django\db\backends\utils.py first seen with mtime 1721792821.9901495
File C:\Users\Usuario\AppData\Local\Programs\Python\Python312\Lib\bisect.py first seen with mtime 1717721652.0
File C:\Users\Usuario\Downloads\project_security\venv\Lib\site-packages\django\db\backends\sqlite3\base.py first seen with mtime 1721792822.1224174
File C:\Users\Usuario\Downloads\project_security\venv\Lib\site-packages\django\db\migrations\exceptions.py first seen with mtime 1721792822.1514544
File C:\Users\Usuario\Downloads\project_security\venv\Lib\site-packages\django\db\migrations\state.py first seen with mtime 1721792822.1706522
File C:\Users\Usuario\Downloads\project_security\venv\Lib\site-packages\django\contrib\admin\views\__init__.py first seen with mtime 1721792812.1339304
File C:\Users\Usuario\Downloads\project_security\venv\Lib\site-packages\django\contrib\admin\options.py first seen with mtime 1721792809.7217734
File C:\Users\Usuario\Downloads\project_security\venv\Lib\site-packages\django\contrib\staticfiles\utils.py first seen with mtime 1721792821.572548
File C:\Users\Usuario\AppData\Local\Programs\Python\Python312\Lib\sysconfig.py first seen with mtime 1717721652.0
File C:\Users\Usuario\Downloads\project_security\venv\Lib\site-packages\django\dispatch\dispatcher.py first seen with mtime 1721792822.3175645
File C:\Users\Usuario\Downloads\project_security\venv\Lib\site-packages\django\utils\deconstruct.py first seen with mtime 1721792822.89396
File C:\Users\Usuario\AppData\Local\Programs\Python\Python312\Lib\http\server.py first seen with mtime 1717721652.0
File C:\Users\Usuario\Downloads\project_security\venv\Lib\site-packages\urllib3\util\__init__.py first seen with mtime 1721796363.5295713
File C:\Users\Usuario\AppData\Local\Programs\Python\Python312\Lib\re\_casefix.py first seen with mtime 1717721652.0
File C:\Users\Usuario\Downloads\project_security\venv\Lib\site-packages\django\contrib\admin\actions.py first seen with mtime 1721792809.6943035
File C:\Users\Usuario\AppData\Local\Programs\Python\Python312\Lib\asyncio\events.py first seen with mtime 1717721652.0
File C:\Users\Usuario\AppData\Local\Programs\Python\Python312\Lib\email\encoders.py first seen with mtime 1717721652.0
File C:\Users\Usuario\Downloads\project_security\venv\Lib\site-packages\idna\__init__.py first seen with mtime 1721796364.41996
File C:\Users\Usuario\Downloads\project_security\venv\Lib\site-packages\django\contrib\auth\models.py first seen with mtime 1721792813.058135
File C:\Users\Usuario\Downloads\project_security\venv\Lib\site-packages\charset_normalizer\md.cp312-win_amd64.pyd first seen with mtime 1721796365.1026957
File C:\Users\Usuario\AppData\Local\Programs\Python\Python312\Lib\importlib\resources\__init__.py first seen with mtime 1717721652.0
File C:\Users\Usuario\Downloads\project_security\venv\Lib\site-packages\urllib3\util\connection.py first seen with mtime 1721796363.5295713
File C:\Users\Usuario\Downloads\project_security\venv\Lib\site-packages\requests\auth.py first seen with mtime 1721796366.0692751
File C:\Users\Usuario\Downloads\project_security\venv\Lib\site-packages\django\db\models\constraints.py first seen with mtime 1721792822.2063382
File C:\Users\Usuario\AppData\Local\Programs\Python\Python312\Lib\inspect.py first seen with mtime 1717721652.0
File C:\Users\Usuario\AppData\Local\Programs\Python\Python312\Lib\encodings\__init__.py first seen with mtime 1717721652.0
File C:\Users\Usuario\AppData\Local\Programs\Python\Python312\Lib\asyncio\sslproto.py first seen with mtime 1717721652.0
File C:\Users\Usuario\Downloads\project_security\venv\Lib\site-packages\django\core\handlers\exception.py first seen with mtime 1721792821.791712
File C:\Users\Usuario\Downloads\project_security\venv\Lib\site-packages\django\db\models\lookups.py first seen with mtime 1721792822.229602
File C:\Users\Usuario\Downloads\project_security\venv\Lib\site-packages\django\utils\connection.py first seen with mtime 1721792822.8823392
File C:\Users\Usuario\Downloads\project_security\venv\Lib\site-packages\django\core\checks\security\base.py first seen with mtime 1721792821.7271638
File C:\Users\Usuario\AppData\Local\Programs\Python\Python312\Lib\secrets.py first seen with mtime 1717721652.0
File C:\Users\Usuario\AppData\Local\Programs\Python\Python312\Lib\queue.py first seen with mtime 1717721652.0
File C:\Users\Usuario\Downloads\project_security\venv\Lib\site-packages\django\utils\decorators.py first seen with mtime 1721792822.8959587
File C:\Users\Usuario\Downloads\project_security\venv\Lib\site-packages\django\contrib\sites\shortcuts.py first seen with mtime 1721792820.626646
File C:\Users\Usuario\AppData\Local\Programs\Python\Python312\Lib\uuid.py first seen with mtime 1717721652.0
File C:\Users\Usuario\Downloads\project_security\venv\Lib\site-packages\django\contrib\auth\base_user.py first seen with mtime 1721792813.037147
File C:\Users\Usuario\Downloads\project_security\venv\Lib\site-packages\django\db\models\functions\text.py first seen with mtime 1721792822.287533
File C:\Users\Usuario\Downloads\project_security\venv\Lib\site-packages\django\core\files\base.py first seen with mtime 1721792821.7388785
File C:\Users\Usuario\Downloads\project_security\venv\Lib\site-packages\dotenv\__init__.py first seen with mtime 1721796461.6776698
File C:\Users\Usuario\AppData\Local\Programs\Python\Python312\Lib\operator.py first seen with mtime 1717721652.0
File C:\Users\Usuario\Downloads\project_security\venv\Lib\site-packages\django\core\files\storage\filesystem.py first seen with mtime 1721792821.7730744
File C:\Users\Usuario\Downloads\project_security\venv\Lib\site-packages\django\contrib\contenttypes\management\__init__.py first seen with mtime 1721792815.1487203
File C:\Users\Usuario\Downloads\project_security\venv\Lib\site-packages\django\contrib\sessions\models.py first seen with mtime 1721792819.7449508
File C:\Users\Usuario\Downloads\project_security\venv\Lib\site-packages\django\utils\dateformat.py first seen with mtime 1721792822.8889625
File C:\Users\Usuario\Downloads\project_security\venv\Lib\site-packages\cryptography\hazmat\decrepit\ciphers\__init__.py first seen with mtime 1721826114.2207098
File C:\Users\Usuario\AppData\Local\Programs\Python\Python312\DLLs\_wmi.pyd first seen with mtime 1717721702.0
File C:\Users\Usuario\Downloads\project_security\venv\Lib\site-packages\requests\utils.py first seen with mtime 1721796366.0881183
File C:\Users\Usuario\AppData\Local\Programs\Python\Python312\DLLs\_zoneinfo.pyd first seen with mtime 1717721702.0
File C:\Users\Usuario\Downloads\project_security\venv\Lib\site-packages\django\contrib\admin\helpers.py first seen with mtime 1721792809.7127786
File C:\Users\Usuario\AppData\Local\Programs\Python\Python312\Lib\zoneinfo\_common.py first seen with mtime 1717721652.0
File C:\Users\Usuario\AppData\Local\Programs\Python\Python312\Lib\textwrap.py first seen with mtime 1717721652.0
File C:\Users\Usuario\Downloads\project_security\venv\Lib\site-packages\django\core\cache\backends\base.py first seen with mtime 1721792821.6523354
File C:\Users\Usuario\Downloads\project_security\venv\Lib\site-packages\django\template\loader_tags.py first seen with mtime 1721792822.712997
File C:\Users\Usuario\Downloads\project_security\venv\Lib\site-packages\django\templatetags\__init__.py first seen with mtime 1721792822.7659085
File C:\Users\Usuario\Downloads\project_security\venv\Lib\site-packages\requests\__version__.py first seen with mtime 1721796366.053092
File C:\Users\Usuario\Downloads\project_security\venv\Lib\site-packages\django\utils\translation\__init__.py first seen with mtime 1721792822.9625766
File C:\Users\Usuario\Downloads\project_security\venv\Lib\site-packages\django\db\models\fields\reverse_related.py first seen with mtime 1721792822.274545
File C:\Users\Usuario\Downloads\project_security\venv\Lib\site-packages\django\template\base.py first seen with mtime 1721792822.6671667
File C:\Users\Usuario\AppData\Local\Programs\Python\Python312\Lib\multiprocessing\context.py first seen with mtime 1717721652.0
File C:\Users\Usuario\AppData\Local\Programs\Python\Python312\Lib\re\_constants.py first seen with mtime 1717721652.0
File C:\Users\Usuario\Downloads\project_security\venv\Lib\site-packages\django\core\management\__init__.py first seen with mtime 1721792821.8445766
File C:\Users\Usuario\AppData\Local\Programs\Python\Python312\Lib\linecache.py first seen with mtime 1717721652.0
File C:\Users\Usuario\AppData\Local\Programs\Python\Python312\Lib\signal.py first seen with mtime 1717721652.0
File C:\Users\Usuario\AppData\Local\Programs\Python\Python312\Lib\locale.py first seen with mtime 1717721652.0
File C:\Users\Usuario\Downloads\project_security\venv\Lib\site-packages\django\contrib\auth\apps.py first seen with mtime 1721792813.033071
File C:\Users\Usuario\Downloads\project_security\venv\Lib\site-packages\django\core\files\storage\base.py first seen with mtime 1721792821.766442
File C:\Users\Usuario\Downloads\project_security\venv\Lib\site-packages\cryptography\fernet.py first seen with mtime 1721826113.6808333
File C:\Users\Usuario\Downloads\project_security\venv\Lib\site-packages\requests\sessions.py first seen with mtime 1721796366.0881183
File C:\Users\Usuario\AppData\Local\Programs\Python\Python312\DLLs\unicodedata.pyd first seen with mtime 1717721702.0
File C:\Users\Usuario\AppData\Local\Programs\Python\Python312\Lib\importlib\resources\_itertools.py first seen with mtime 1717721652.0
File C:\Users\Usuario\Downloads\project_security\venv\Lib\site-packages\django\db\utils.py first seen with mtime 1721792821.9821534
File C:\Users\Usuario\Downloads\project_security\venv\Lib\site-packages\django\db\models\sql\subqueries.py first seen with mtime 1721792822.3105197
File C:\Users\Usuario\AppData\Local\Programs\Python\Python312\Lib\hashlib.py first seen with mtime 1717721652.0
File C:\Users\Usuario\Downloads\project_security\venv\Lib\site-packages\cryptography\__about__.py first seen with mtime 1721826114.6920187
File C:\Users\Usuario\Downloads\project_security\venv\Lib\site-packages\django\contrib\messages\api.py first seen with mtime 1721792818.1948793
File C:\Users\Usuario\AppData\Local\Programs\Python\Python312\Lib\ctypes\__init__.py first seen with mtime 1717721652.0
File C:\Users\Usuario\Downloads\project_security\venv\Lib\site-packages\django\db\models\deletion.py first seen with mtime 1721792822.2083375
File C:\Users\Usuario\Downloads\project_security\venv\Lib\site-packages\django\db\models\functions\datetime.py first seen with mtime 1721792822.280542
File C:\Users\Usuario\Downloads\project_security\venv\Lib\site-packages\django\urls\__init__.py first seen with mtime 1721792822.8207126
File C:\Users\Usuario\AppData\Local\Programs\Python\Python312\Lib\encodings\aliases.py first seen with mtime 1717721652.0
File C:\Users\Usuario\Downloads\project_security\venv\Lib\site-packages\asgiref\local.py first seen with mtime 1721792807.4549303
File C:\Users\Usuario\AppData\Local\Programs\Python\Python312\Lib\threading.py first seen with mtime 1717721652.0
File C:\Users\Usuario\Downloads\project_security\venv\Lib\site-packages\django\template\context.py first seen with mtime 1721792822.6691647
File C:\Users\Usuario\Downloads\project_security\venv\Lib\site-packages\django\core\checks\model_checks.py first seen with mtime 1721792821.678316
File C:\Users\Usuario\Downloads\project_security\venv\Lib\site-packages\requests\packages.py first seen with mtime 1721796366.0878415
File C:\Users\Usuario\Downloads\project_security\venv\Lib\site-packages\django\db\models\functions\window.py first seen with mtime 1721792822.2895317
File C:\Users\Usuario\Downloads\project_security\venv\Lib\site-packages\django\utils\numberformat.py first seen with mtime 1721792822.936129
File C:\Users\Usuario\AppData\Local\Programs\Python\Python312\Lib\pprint.py first seen with mtime 1717721652.0
File C:\Users\Usuario\Downloads\project_security\venv\Lib\site-packages\requests\structures.py first seen with mtime 1721796366.0881183
File C:\Users\Usuario\Downloads\project_security\venv\Lib\site-packages\django\db\models\enums.py first seen with mtime 1721792822.2106073
File C:\Users\Usuario\AppData\Local\Programs\Python\Python312\Lib\typing.py first seen with mtime 1717721652.0
File C:\Users\Usuario\Downloads\project_security\venv\Lib\site-packages\django\utils\http.py first seen with mtime 1721792822.9188645
File C:\Users\Usuario\Downloads\project_security\venv\Lib\site-packages\django\views\generic\edit.py first seen with mtime 1721792823.0143888
File C:\Users\Usuario\AppData\Local\Programs\Python\Python312\Lib\socket.py first seen with mtime 1717721652.0
File C:\Users\Usuario\AppData\Local\Programs\Python\Python312\Lib\asyncio\locks.py first seen with mtime 1717721652.0
File C:\Users\Usuario\Downloads\project_security\venv\Lib\site-packages\django\utils\translation\reloader.py first seen with mtime 1721792822.9645755
File C:\Users\Usuario\Downloads\project_security\venv\Lib\site-packages\django\template\__init__.py first seen with mtime 1721792822.6627498
File C:\Users\Usuario\Downloads\project_security\venv\Lib\site-packages\django\contrib\admin\widgets.py first seen with mtime 1721792809.7297685
File C:\Users\Usuario\Downloads\project_security\venv\Lib\site-packages\cryptography\hazmat\primitives\ciphers\__init__.py first seen with mtime 1721826114.349635
File C:\Users\Usuario\AppData\Local\Programs\Python\Python312\Lib\importlib\readers.py first seen with mtime 1717721652.0
File C:\Users\Usuario\Downloads\project_security\venv\Lib\site-packages\django\urls\conf.py first seen with mtime 1721792822.8247106
File C:\Users\Usuario\Downloads\project_security\venv\Lib\site-packages\urllib3\util\ssltransport.py first seen with mtime 1721796363.5458226
File C:\Users\Usuario\Downloads\project_security\venv\Lib\site-packages\django\core\exceptions.py first seen with mtime 1721792821.6251671
File C:\Users\Usuario\Downloads\project_security\venv\Lib\site-packages\django\core\checks\templates.py first seen with mtime 1721792821.7111716
File C:\Users\Usuario\Downloads\project_security\venv\Lib\site-packages\django\forms\utils.py first seen with mtime 1721792822.3412147
File C:\Users\Usuario\Downloads\project_security\venv\Lib\site-packages\django\views\decorators\cache.py first seen with mtime 1721792822.9908855
File C:\Users\Usuario\AppData\Local\Programs\Python\Python312\Lib\hmac.py first seen with mtime 1717721652.0
File C:\Users\Usuario\Downloads\project_security\venv\Lib\site-packages\sqlparse\utils.py first seen with mtime 1721792805.5444453
File C:\Users\Usuario\AppData\Local\Programs\Python\Python312\Lib\http\cookies.py first seen with mtime 1717721652.0
File C:\Users\Usuario\Downloads\project_security\venv\Lib\site-packages\django\utils\dateparse.py first seen with mtime 1721792822.890961
File C:\Users\Usuario\AppData\Local\Programs\Python\Python312\Lib\sqlite3\dbapi2.py first seen with mtime 1717721652.0
File C:\Users\Usuario\AppData\Local\Programs\Python\Python312\Lib\email\quoprimime.py first seen with mtime 1717721652.0
File C:\Users\Usuario\AppData\Local\Programs\Python\Python312\Lib\email\_encoded_words.py first seen with mtime 1717721652.0
File C:\Users\Usuario\AppData\Local\Programs\Python\Python312\DLLs\_bz2.pyd first seen with mtime 1717721702.0
File C:\Users\Usuario\Downloads\project_security\venv\Lib\site-packages\django\db\backends\sqlite3\client.py first seen with mtime 1721792822.124417
File C:\Users\Usuario\Downloads\project_security\venv\Lib\site-packages\django\views\generic\list.py first seen with mtime 1721792823.016387
File C:\Users\Usuario\Downloads\project_security\venv\Lib\site-packages\django\urls\exceptions.py first seen with mtime 1721792822.8297093
File C:\Users\Usuario\AppData\Local\Programs\Python\Python312\Lib\copyreg.py first seen with mtime 1717721652.0
File C:\Users\Usuario\AppData\Local\Programs\Python\Python312\Lib\http\__init__.py first seen with mtime 1717721652.0
File C:\Users\Usuario\AppData\Local\Programs\Python\Python312\Lib\asyncio\exceptions.py first seen with mtime 1717721652.0
File C:\Users\Usuario\Downloads\project_security\venv\Lib\site-packages\django\templatetags\static.py first seen with mtime 1721792822.774904
File C:\Users\Usuario\Downloads\project_security\venv\Lib\site-packages\django\utils\log.py first seen with mtime 1721792822.9287052
File C:\Users\Usuario\Downloads\project_security\venv\Lib\site-packages\django\db\migrations\operations\models.py first seen with mtime 1721792822.190347
File C:\Users\Usuario\AppData\Local\Programs\Python\Python312\Lib\concurrent\futures\__init__.py first seen with mtime 1717721652.0
File C:\Users\Usuario\Downloads\project_security\venv\Lib\site-packages\django\utils\timezone.py first seen with mtime 1721792822.9535823
File C:\Users\Usuario\Downloads\project_security\venv\Lib\site-packages\django\views\debug.py first seen with mtime 1721792822.9772525
File C:\Users\Usuario\Downloads\project_security\venv\Lib\site-packages\django\core\checks\caches.py first seen with mtime 1721792821.67032
File C:\Users\Usuario\AppData\Local\Programs\Python\Python312\Lib\__future__.py first seen with mtime 1717721652.0
File C:\Users\Usuario\Downloads\project_security\venv\Lib\site-packages\django\contrib\admin\apps.py first seen with mtime 1721792809.6963015
File C:\Users\Usuario\Downloads\project_security\venv\Lib\site-packages\django\forms\models.py first seen with mtime 1721792822.3352025
File C:\Users\Usuario\AppData\Local\Programs\Python\Python312\Lib\heapq.py first seen with mtime 1717721652.0
File C:\Users\Usuario\AppData\Local\Programs\Python\Python312\Lib\urllib\parse.py first seen with mtime 1717721652.0
File C:\Users\Usuario\AppData\Local\Programs\Python\Python312\Lib\email\contentmanager.py first seen with mtime 1717721652.0
File C:\Users\Usuario\Downloads\project_security\venv\Lib\site-packages\django\template\response.py first seen with mtime 1721792822.714997
File C:\Users\Usuario\AppData\Local\Programs\Python\Python312\DLLs\_asyncio.pyd first seen with mtime 1717721702.0
File C:\Users\Usuario\Downloads\project_security\venv\Lib\site-packages\django\forms\forms.py first seen with mtime 1721792822.3175645
File C:\Users\Usuario\AppData\Local\Programs\Python\Python312\Lib\opcode.py first seen with mtime 1717721652.0
File C:\Users\Usuario\Downloads\project_security\venv\Lib\site-packages\sqlparse\filters\right_margin.py first seen with mtime 1721792805.570206
File C:\Users\Usuario\Downloads\project_security\venv\Lib\site-packages\django\db\backends\base\validation.py first seen with mtime 1721792822.0330489
File C:\Users\Usuario\Downloads\project_security\venv\Lib\site-packages\django\db\backends\ddl_references.py first seen with mtime 1721792821.9861505
File C:\Users\Usuario\Downloads\project_security\venv\Lib\site-packages\django\core\serializers\json.py first seen with mtime 1721792821.9553356
File C:\Users\Usuario\Downloads\project_security\venv\Lib\site-packages\_cffi_backend.cp312-win_amd64.pyd first seen with mtime 1721826112.4434748
File C:\Users\Usuario\Downloads\project_security\venv\Lib\site-packages\django\contrib\auth\forms.py first seen with mtime 1721792813.0491405
File C:\Users\Usuario\AppData\Local\Programs\Python\Python312\Lib\shutil.py first seen with mtime 1717721652.0
File C:\Users\Usuario\Downloads\project_security\venv\Lib\site-packages\django\contrib\sessions\middleware.py first seen with mtime 1721792819.7429461
File C:\Users\Usuario\AppData\Local\Programs\Python\Python312\Lib\asyncio\taskgroups.py first seen with mtime 1717721652.0
File C:\Users\Usuario\Downloads\project_security\venv\Lib\site-packages\django\contrib\admin\exceptions.py first seen with mtime 1721792809.7022977
File C:\Users\Usuario\AppData\Local\Programs\Python\Python312\Lib\dataclasses.py first seen with mtime 1717721652.0
File C:\Users\Usuario\Downloads\project_security\venv\Lib\site-packages\django\core\checks\security\sessions.py first seen with mtime 1721792821.731161
File C:\Users\Usuario\Downloads\project_security\venv\Lib\site-packages\django\db\migrations\operations\special.py first seen with mtime 1721792822.1923459
File C:\Users\Usuario\Downloads\project_security\venv\Lib\site-packages\django\core\files\utils.py first seen with mtime 1721792821.766442
File C:\Users\Usuario\Downloads\project_security\venv\Lib\site-packages\django\db\models\fields\related_descriptors.py first seen with mtime 1721792822.2705476
File C:\Users\Usuario\AppData\Local\Programs\Python\Python312\Lib\platform.py first seen with mtime 1717721652.0
File C:\Users\Usuario\Downloads\project_security\venv\Lib\site-packages\django\template\exceptions.py first seen with mtime 1721792822.7070007
File C:\Users\Usuario\Downloads\project_security\venv\Lib\site-packages\django\http\response.py first seen with mtime 1721792822.6172264
File C:\Users\Usuario\Downloads\project_security\venv\Lib\site-packages\django\dispatch\__init__.py first seen with mtime 1721792822.3155167
File C:\Users\Usuario\Downloads\project_security\venv\Lib\site-packages\django\db\transaction.py first seen with mtime 1721792821.9801538
File C:\Users\Usuario\Downloads\project_security\securityapp\manage.py first seen with mtime 1721792672.5050871
File C:\Users\Usuario\AppData\Local\Programs\Python\Python312\Lib\quopri.py first seen with mtime 1717721652.0
File C:\Users\Usuario\AppData\Local\Programs\Python\Python312\DLLs\_overlapped.pyd first seen with mtime 1717721702.0
File C:\Users\Usuario\Downloads\project_security\venv\Lib\site-packages\django\core\wsgi.py first seen with mtime 1721792821.6361616
File C:\Users\Usuario\Downloads\project_security\venv\Lib\site-packages\django\db\models\fields\generated.py first seen with mtime 1721792822.2555866
File C:\Users\Usuario\Downloads\project_security\venv\Lib\site-packages\urllib3\util\request.py first seen with mtime 1721796363.537819
File C:\Users\Usuario\Downloads\project_security\venv\Lib\site-packages\sqlparse\filters\__init__.py first seen with mtime 1721792805.5601454
File C:\Users\Usuario\Downloads\project_security\venv\Lib\site-packages\django\core\checks\compatibility\__init__.py first seen with mtime 1721792821.7211666
File C:\Users\Usuario\Downloads\project_security\venv\Lib\site-packages\sqlparse\lexer.py first seen with mtime 1721792805.5384488
File C:\Users\Usuario\Downloads\project_security\venv\Lib\site-packages\django\db\models\functions\mixins.py first seen with mtime 1721792822.2845361
File C:\Users\Usuario\AppData\Local\Programs\Python\Python312\Lib\http\cookiejar.py first seen with mtime 1717721652.0
File C:\Users\Usuario\Downloads\project_security\venv\Lib\site-packages\django\db\migrations\operations\__init__.py first seen with mtime 1721792822.1843512
File C:\Users\Usuario\Downloads\project_security\venv\Lib\site-packages\django\db\__init__.py first seen with mtime 1721792821.9781551
File C:\Users\Usuario\Downloads\project_security\venv\Lib\site-packages\django\utils\safestring.py first seen with mtime 1721792822.9401264
File C:\Users\Usuario\AppData\Local\Programs\Python\Python312\Lib\asyncio\base_tasks.py first seen with mtime 1717721652.0
File C:\Users\Usuario\AppData\Local\Programs\Python\Python312\Lib\ctypes\wintypes.py first seen with mtime 1717721652.0
File C:\Users\Usuario\AppData\Local\Programs\Python\Python312\Lib\mimetypes.py first seen with mtime 1717721652.0
File C:\Users\Usuario\Downloads\project_security\venv\Lib\site-packages\django\core\files\storage\mixins.py first seen with mtime 1721792821.779071
File C:\Users\Usuario\Downloads\project_security\venv\Lib\site-packages\django\db\backends\base\creation.py first seen with mtime 1721792822.002142
File C:\Users\Usuario\AppData\Local\Programs\Python\Python312\DLLs\_socket.pyd first seen with mtime 1717721702.0
File C:\Users\Usuario\Downloads\project_security\venv\Lib\site-packages\requests\certs.py first seen with mtime 1721796366.0692751
File C:\Users\Usuario\Downloads\project_security\venv\Lib\site-packages\charset_normalizer\utils.py first seen with mtime 1721796365.1145327
File C:\Users\Usuario\AppData\Local\Programs\Python\Python312\Lib\keyword.py first seen with mtime 1717721652.0
File C:\Users\Usuario\Downloads\project_security\venv\Lib\site-packages\sqlparse\engine\statement_splitter.py first seen with mtime 1721792805.5581462
File C:\Users\Usuario\Downloads\project_security\venv\Lib\site-packages\django\contrib\auth\password_validation.py first seen with mtime 1721792813.0651312
File C:\Users\Usuario\AppData\Local\Programs\Python\Python312\DLLs\_decimal.pyd first seen with mtime 1717721702.0
File C:\Users\Usuario\Downloads\project_security\venv\Lib\site-packages\django\utils\module_loading.py first seen with mtime 1721792822.9341292
File C:\Users\Usuario\Downloads\project_security\venv\Lib\site-packages\django\db\models\sql\constants.py first seen with mtime 1721792822.2965279
File C:\Users\Usuario\Downloads\project_security\securityapp\securityapp\models.py first seen with mtime 1721830075.0676696
File C:\Users\Usuario\AppData\Local\Programs\Python\Python312\Lib\wsgiref\handlers.py first seen with mtime 1717721652.0
File C:\Users\Usuario\Downloads\project_security\venv\Lib\site-packages\requests\api.py first seen with mtime 1721796366.061273
File C:\Users\Usuario\Downloads\project_security\venv\Lib\site-packages\django\contrib\staticfiles\management\__init__.py first seen with mtime 1721792821.5765467
File C:\Users\Usuario\Downloads\project_security\venv\Lib\site-packages\django\utils\timesince.py first seen with mtime 1721792822.950584
File C:\Users\Usuario\AppData\Local\Programs\Python\Python312\Lib\json\encoder.py first seen with mtime 1717721652.0
File C:\Users\Usuario\Downloads\project_security\venv\Lib\site-packages\urllib3\util\util.py first seen with mtime 1721796363.553819
File C:\Users\Usuario\Downloads\project_security\venv\Lib\site-packages\charset_normalizer\version.py first seen with mtime 1721796365.1145327
File C:\Users\Usuario\Downloads\project_security\venv\Lib\site-packages\django\db\models\functions\comparison.py first seen with mtime 1721792822.2785428
File C:\Users\Usuario\Downloads\project_security\venv\Lib\site-packages\django\urls\resolvers.py first seen with mtime 1721792822.8317053
File C:\Users\Usuario\Downloads\project_security\venv\Lib\site-packages\django\contrib\admin\views\main.py first seen with mtime 1721792812.1409261
File C:\Users\Usuario\AppData\Local\Programs\Python\Python312\Lib\token.py first seen with mtime 1717721652.0
File C:\Users\Usuario\Downloads\project_security\venv\Lib\site-packages\django\contrib\staticfiles\apps.py first seen with mtime 1721792821.558556
File C:\Users\Usuario\Downloads\project_security\venv\Lib\site-packages\django\template\backends\__init__.py first seen with mtime 1721792822.7209923
File C:\Users\Usuario\Downloads\project_security\venv\Lib\site-packages\certifi\core.py first seen with mtime 1721796365.9417844
File C:\Users\Usuario\AppData\Local\Programs\Python\Python312\Lib\asyncio\tasks.py first seen with mtime 1717721652.0
File C:\Users\Usuario\Downloads\project_security\venv\Lib\site-packages\django\utils\choices.py first seen with mtime 1721792822.880341
File C:\Users\Usuario\AppData\Local\Programs\Python\Python312\Lib\importlib\resources\_adapters.py first seen with mtime 1717721652.0
File C:\Users\Usuario\Downloads\project_security\venv\Lib\site-packages\django\core\checks\database.py first seen with mtime 1721792821.6723187
File C:\Users\Usuario\Downloads\project_security\venv\Lib\site-packages\django\template\smartif.py first seen with mtime 1721792822.7169943
File C:\Users\Usuario\AppData\Local\Programs\Python\Python312\Lib\asyncio\format_helpers.py first seen with mtime 1717721652.0
File C:\Users\Usuario\AppData\Local\Programs\Python\Python312\Lib\asyncio\base_events.py first seen with mtime 1717721652.0
File C:\Users\Usuario\AppData\Local\Programs\Python\Python312\Lib\contextvars.py first seen with mtime 1717721652.0
File C:\Users\Usuario\AppData\Local\Programs\Python\Python312\DLLs\_hashlib.pyd first seen with mtime 1717721702.0
File C:\Users\Usuario\Downloads\project_security\venv\Lib\site-packages\django\db\models\sql\datastructures.py first seen with mtime 1721792822.3045235
File C:\Users\Usuario\Downloads\project_security\venv\Lib\site-packages\django\core\handlers\__init__.py first seen with mtime 1721792821.78107
File C:\Users\Usuario\Downloads\project_security\venv\Lib\site-packages\django\db\backends\sqlite3\introspection.py first seen with mtime 1721792822.1338372
File C:\Users\Usuario\Downloads\project_security\venv\Lib\site-packages\django\core\files\images.py first seen with mtime 1721792821.740877
File C:\Users\Usuario\Downloads\project_security\venv\Lib\site-packages\requests\hooks.py first seen with mtime 1721796366.0798347
File C:\Users\Usuario\Downloads\project_security\venv\Lib\site-packages\django\utils\hashable.py first seen with mtime 1721792822.9128644
File C:\Users\Usuario\Downloads\project_security\venv\Lib\site-packages\django\template\loader.py first seen with mtime 1721792822.710998
File C:\Users\Usuario\Downloads\project_security\venv\Lib\site-packages\django\contrib\staticfiles\__init__.py first seen with mtime 1721792821.5565584
File C:\Users\Usuario\AppData\Local\Programs\Python\Python312\Lib\logging\__init__.py first seen with mtime 1717721652.0
File C:\Users\Usuario\AppData\Local\Programs\Python\Python312\Lib\asyncio\threads.py first seen with mtime 1717721652.0
File C:\Users\Usuario\Downloads\project_security\venv\Lib\site-packages\charset_normalizer\__init__.py first seen with mtime 1721796365.0864615
File C:\Users\Usuario\Downloads\project_security\venv\Lib\site-packages\django\apps\registry.py first seen with mtime 1721792808.10758
File C:\Users\Usuario\Downloads\project_security\venv\Lib\site-packages\django\contrib\auth\admin.py first seen with mtime 1721792813.0115097
File C:\Users\Usuario\Downloads\project_security\venv\Lib\site-packages\django\contrib\staticfiles\checks.py first seen with mtime 1721792821.5605552
File C:\Users\Usuario\Downloads\project_security\venv\Lib\site-packages\certifi\__init__.py first seen with mtime 1721796365.9320319
File C:\Users\Usuario\Downloads\project_security\venv\Lib\site-packages\django\core\signing.py first seen with mtime 1721792821.6321626
File C:\Users\Usuario\AppData\Local\Programs\Python\Python312\Lib\asyncio\queues.py first seen with mtime 1717721652.0
File C:\Users\Usuario\Downloads\project_security\venv\Lib\site-packages\django\contrib\admin\templatetags\__init__.py first seen with mtime 1721792812.121163
File C:\Users\Usuario\Downloads\project_security\venv\Lib\site-packages\django\views\static.py first seen with mtime 1721792822.9837003
File C:\Users\Usuario\AppData\Local\Programs\Python\Python312\Lib\string.py first seen with mtime 1717721652.0
File C:\Users\Usuario\AppData\Local\Programs\Python\Python312\Lib\copy.py first seen with mtime 1717721652.0
File C:\Users\Usuario\Downloads\project_security\venv\Lib\site-packages\django\views\generic\dates.py first seen with mtime 1721792823.0103922
File C:\Users\Usuario\AppData\Local\Programs\Python\Python312\Lib\gzip.py first seen with mtime 1717721652.0
File C:\Users\Usuario\Downloads\project_security\venv\Lib\site-packages\django\contrib\admin\templatetags\admin_urls.py first seen with mtime 1721792812.127682
File C:\Users\Usuario\Downloads\project_security\venv\Lib\site-packages\sqlparse\engine\grouping.py first seen with mtime 1721792805.5571463
File C:\Users\Usuario\Downloads\project_security\venv\Lib\site-packages\django\db\backends\sqlite3\schema.py first seen with mtime 1721792822.143459
File C:\Users\Usuario\Downloads\project_security\venv\Lib\site-packages\asgiref\current_thread_executor.py first seen with mtime 1721792807.4536526
File C:\Users\Usuario\Downloads\project_security\venv\Lib\site-packages\django\utils\dates.py first seen with mtime 1721792822.8919604
File C:\Users\Usuario\Downloads\project_security\securityapp\securityapp\urls.py first seen with mtime 1721840960.6669762
File C:\Users\Usuario\AppData\Local\Programs\Python\Python312\Lib\json\decoder.py first seen with mtime 1717721652.0
File C:\Users\Usuario\Downloads\project_security\venv\Lib\site-packages\django\contrib\auth\management\__init__.py first seen with mtime 1721792813.7906847
File C:\Users\Usuario\Downloads\project_security\venv\Lib\site-packages\django\contrib\sites\__init__.py first seen with mtime 1721792820.5777738
File C:\Users\Usuario\Downloads\project_security\venv\Lib\site-packages\urllib3\_collections.py first seen with mtime 1721796363.4794044
File C:\Users\Usuario\AppData\Local\Programs\Python\Python312\Lib\email\charset.py first seen with mtime 1717721652.0
File C:\Users\Usuario\Downloads\project_security\venv\Lib\site-packages\sqlparse\filters\output.py first seen with mtime 1721792805.5661414
File C:\Users\Usuario\Downloads\project_security\venv\Lib\site-packages\django\template\loaders\__init__.py first seen with mtime 1721792822.7329857
File C:\Users\Usuario\AppData\Local\Programs\Python\Python312\Lib\concurrent\__init__.py first seen with mtime 1717721652.0
File C:\Users\Usuario\Downloads\project_security\venv\Lib\site-packages\django\utils\inspect.py first seen with mtime 1721792822.9208605
File C:\Users\Usuario\Downloads\project_security\venv\Lib\site-packages\django\contrib\contenttypes\checks.py first seen with mtime 1721792813.8646085
File C:\Users\Usuario\Downloads\project_security\venv\Lib\site-packages\urllib3\response.py first seen with mtime 1721796363.4981482
File C:\Users\Usuario\Downloads\project_security\venv\Lib\site-packages\django\templatetags\cache.py first seen with mtime 1721792822.7689066
File C:\Users\Usuario\Downloads\project_security\venv\Lib\site-packages\sqlparse\__init__.py first seen with mtime 1721792805.5260458
File C:\Users\Usuario\Downloads\project_security\venv\Lib\site-packages\django\urls\base.py first seen with mtime 1721792822.8227115
File C:\Users\Usuario\Downloads\project_security\venv\Lib\site-packages\django\views\generic\base.py first seen with mtime 1721792823.0061898
File C:\Users\Usuario\Downloads\project_security\venv\Lib\site-packages\django\apps\config.py first seen with mtime 1721792808.1055825
File C:\Users\Usuario\AppData\Local\Programs\Python\Python312\Lib\zipfile\_path\glob.py first seen with mtime 1717721652.0
File C:\Users\Usuario\AppData\Local\Programs\Python\Python312\Lib\selectors.py first seen with mtime 1717721652.0
File C:\Users\Usuario\Downloads\project_security\venv\Lib\site-packages\django\core\management\base.py first seen with mtime 1721792821.8475752
File C:\Users\Usuario\Downloads\project_security\venv\Lib\site-packages\django\db\migrations\operations\fields.py first seen with mtime 1721792822.188348
File C:\Users\Usuario\Downloads\project_security\venv\Lib\site-packages\urllib3\util\url.py first seen with mtime 1721796363.5458226
File C:\Users\Usuario\Downloads\project_security\venv\Lib\site-packages\django\http\request.py first seen with mtime 1721792822.614227
File C:\Users\Usuario\AppData\Local\Programs\Python\Python312\Lib\importlib\__init__.py first seen with mtime 1717721652.0
File C:\Users\Usuario\AppData\Local\Programs\Python\Python312\Lib\email\_policybase.py first seen with mtime 1717721652.0
File C:\Users\Usuario\AppData\Local\Programs\Python\Python312\Lib\email\base64mime.py first seen with mtime 1717721652.0
File C:\Users\Usuario\AppData\Local\Programs\Python\Python312\Lib\tokenize.py first seen with mtime 1717721652.0
File C:\Users\Usuario\Downloads\project_security\venv\Lib\site-packages\django\core\checks\registry.py first seen with mtime 1721792821.680315
File C:\Users\Usuario\AppData\Local\Programs\Python\Python312\Lib\wsgiref\__init__.py first seen with mtime 1717721652.0
File C:\Users\Usuario\Downloads\project_security\venv\Lib\site-packages\django\contrib\admin\__init__.py first seen with mtime 1721792809.6923041
File C:\Users\Usuario\Downloads\project_security\venv\Lib\site-packages\django\utils\ipv6.py first seen with mtime 1721792822.9218602
File C:\Users\Usuario\Downloads\project_security\venv\Lib\site-packages\django\contrib\messages\__init__.py first seen with mtime 1721792818.1918812
File C:\Users\Usuario\AppData\Local\Programs\Python\Python312\Lib\email\policy.py first seen with mtime 1717721652.0
File C:\Users\Usuario\AppData\Local\Programs\Python\Python312\Lib\fractions.py first seen with mtime 1717721652.0
File C:\Users\Usuario\Downloads\project_security\venv\Lib\site-packages\django\core\checks\security\csrf.py first seen with mtime 1721792821.7291617
File C:\Users\Usuario\Downloads\project_security\venv\Lib\site-packages\django\forms\fields.py first seen with mtime 1721792822.3175645
File C:\Users\Usuario\Downloads\project_security\venv\Lib\site-packages\django\db\backends\base\schema.py first seen with mtime 1721792822.0300512
File C:\Users\Usuario\Downloads\project_security\venv\Lib\site-packages\urllib3\util\ssl_.py first seen with mtime 1721796363.537819
File C:\Users\Usuario\Downloads\project_security\venv\Lib\site-packages\charset_normalizer\md__mypyc.cp312-win_amd64.pyd first seen with mtime 1721796365.1106982
File C:\Users\Usuario\Downloads\project_security\venv\Lib\site-packages\urllib3\util\wait.py first seen with mtime 1721796363.553819
File C:\Users\Usuario\AppData\Local\Programs\Python\Python312\Lib\sqlite3\__init__.py first seen with mtime 1717721652.0
File C:\Users\Usuario\Downloads\project_security\venv\Lib\site-packages\asgiref\__init__.py first seen with mtime 1721792807.4496555
File C:\Users\Usuario\Downloads\project_security\venv\Lib\site-packages\django\forms\renderers.py first seen with mtime 1721792822.338211
File C:\Users\Usuario\Downloads\project_security\venv\Lib\site-packages\requests\adapters.py first seen with mtime 1721796366.061273
File C:\Users\Usuario\Downloads\project_security\venv\Lib\site-packages\django\template\loaders\cached.py first seen with mtime 1721792822.7549148
File C:\Users\Usuario\AppData\Local\Programs\Python\Python312\Lib\ipaddress.py first seen with mtime 1717721652.0
File C:\Users\Usuario\AppData\Local\Programs\Python\Python312\Lib\difflib.py first seen with mtime 1717721652.0
File C:\Users\Usuario\AppData\Local\Programs\Python\Python312\Lib\functools.py first seen with mtime 1717721652.0
File C:\Users\Usuario\Downloads\project_security\venv\Lib\site-packages\django\contrib\auth\validators.py first seen with mtime 1721792813.0819397
File C:\Users\Usuario\Downloads\project_security\venv\Lib\site-packages\urllib3\fields.py first seen with mtime 1721796363.490143
File C:\Users\Usuario\Downloads\project_security\venv\Lib\site-packages\charset_normalizer\cd.py first seen with mtime 1721796365.0944617
File C:\Users\Usuario\Downloads\project_security\venv\Lib\site-packages\cryptography\hazmat\primitives\hashes.py first seen with mtime 1721826114.4041207
File C:\Users\Usuario\Downloads\project_security\venv\Lib\site-packages\django\contrib\admin\checks.py first seen with mtime 1721792809.6983
File C:\Users\Usuario\AppData\Local\Programs\Python\Python312\Lib\email\mime\nonmultipart.py first seen with mtime 1717721652.0
File C:\Users\Usuario\Downloads\project_security\venv\Lib\site-packages\django\contrib\admin\templatetags\base.py first seen with mtime 1721792812.13068
File C:\Users\Usuario\Downloads\project_security\venv\Lib\site-packages\urllib3\__init__.py first seen with mtime 1721796363.4710684
File C:\Users\Usuario\Downloads\project_security\venv\Lib\site-packages\django\contrib\__init__.py first seen with mtime 1721792809.6893063
File C:\Users\Usuario\Downloads\project_security\venv\Lib\site-packages\sqlparse\formatter.py first seen with mtime 1721792805.5344522
File C:\Users\Usuario\AppData\Local\Programs\Python\Python312\Lib\contextlib.py first seen with mtime 1717721652.0
File C:\Users\Usuario\Downloads\project_security\venv\Lib\site-packages\urllib3\util\timeout.py first seen with mtime 1721796363.5458226
File C:\Users\Usuario\AppData\Local\Programs\Python\Python312\Lib\lzma.py first seen with mtime 1717721652.0
File C:\Users\Usuario\AppData\Local\Programs\Python\Python312\Lib\asyncio\__init__.py first seen with mtime 1717721652.0
File C:\Users\Usuario\Downloads\project_security\venv\Lib\site-packages\django\contrib\admin\views\autocomplete.py first seen with mtime 1721792812.1359296
File C:\Users\Usuario\AppData\Local\Programs\Python\Python312\Lib\re\_parser.py first seen with mtime 1717721652.0
File C:\Users\Usuario\AppData\Local\Programs\Python\Python312\Lib\asyncio\base_futures.py first seen with mtime 1717721652.0
File C:\Users\Usuario\AppData\Local\Programs\Python\Python312\Lib\decimal.py first seen with mtime 1717721652.0
File C:\Users\Usuario\AppData\Local\Programs\Python\Python312\Lib\email\mime\__init__.py first seen with mtime 1717721652.0
File C:\Users\Usuario\Downloads\project_security\venv\Lib\site-packages\requests\__init__.py first seen with mtime 1721796366.053092
File C:\Users\Usuario\AppData\Local\Programs\Python\Python312\Lib\email\errors.py first seen with mtime 1717721652.0
File C:\Users\Usuario\Downloads\project_security\venv\Lib\site-packages\django\db\models\fields\__init__.py first seen with mtime 1721792822.2515895
File C:\Users\Usuario\Downloads\project_security\venv\Lib\site-packages\django\utils\formats.py first seen with mtime 1721792822.9059522
File C:\Users\Usuario\Downloads\project_security\venv\Lib\site-packages\django\core\cache\__init__.py first seen with mtime 1721792821.6391587
File C:\Users\Usuario\AppData\Local\Programs\Python\Python312\DLLs\_queue.pyd first seen with mtime 1717721702.0
File C:\Users\Usuario\Downloads\project_security\venv\Lib\site-packages\dotenv\variables.py first seen with mtime 1721796461.6943452
File C:\Users\Usuario\AppData\Local\Programs\Python\Python312\Lib\warnings.py first seen with mtime 1717721652.0
File C:\Users\Usuario\Downloads\project_security\venv\Lib\site-packages\django\db\models\aggregates.py first seen with mtime 1721792822.1973429
File C:\Users\Usuario\Downloads\project_security\venv\Lib\site-packages\cryptography\hazmat\primitives\ciphers\modes.py first seen with mtime 1721826114.347636
File C:\Users\Usuario\AppData\Local\Programs\Python\Python312\Lib\struct.py first seen with mtime 1717721652.0
File C:\Users\Usuario\Downloads\project_security\venv\Lib\site-packages\django\contrib\auth\tokens.py first seen with mtime 1721792813.077943
File C:\Users\Usuario\Downloads\project_security\venv\Lib\site-packages\django\contrib\admin\sites.py first seen with mtime 1721792809.7237718
File C:\Users\Usuario\Downloads\project_security\venv\Lib\site-packages\django\contrib\admin\filters.py first seen with mtime 1721792809.7052665
File C:\Users\Usuario\Downloads\project_security\venv\Lib\site-packages\idna\package_data.py first seen with mtime 1721796364.4296067
File C:\Users\Usuario\Downloads\project_security\venv\Lib\site-packages\django\conf\__init__.py first seen with mtime 1721792808.1095788
File C:\Users\Usuario\Downloads\project_security\venv\Lib\site-packages\cryptography\hazmat\decrepit\__init__.py first seen with mtime 1721826114.2247076
File C:\Users\Usuario\AppData\Local\Programs\Python\Python312\Lib\email\_header_value_parser.py first seen with mtime 1717721652.0
File C:\Users\Usuario\Downloads\project_security\venv\Lib\site-packages\django\contrib\contenttypes\__init__.py first seen with mtime 1721792813.857612
File C:\Users\Usuario\Downloads\project_security\venv\Lib\site-packages\django\db\migrations\__init__.py first seen with mtime 1721792822.146457
File C:\Users\Usuario\AppData\Local\Programs\Python\Python312\Lib\email\mime\message.py first seen with mtime 1717721652.0
File C:\Users\Usuario\Downloads\project_security\venv\Lib\site-packages\requests\_internal_utils.py first seen with mtime 1721796366.061273
File C:\Users\Usuario\AppData\Local\Programs\Python\Python312\Lib\wsgiref\headers.py first seen with mtime 1717721652.0
File C:\Users\Usuario\AppData\Local\Programs\Python\Python312\Lib\glob.py first seen with mtime 1717721652.0
File C:\Users\Usuario\AppData\Local\Programs\Python\Python312\Lib\asyncio\selector_events.py first seen with mtime 1717721652.0
File C:\Users\Usuario\Downloads\project_security\venv\Lib\site-packages\django\contrib\contenttypes\fields.py first seen with mtime 1721792813.8666065
File C:\Users\Usuario\AppData\Local\Programs\Python\Python312\Lib\importlib\_abc.py first seen with mtime 1717721652.0
File C:\Users\Usuario\Downloads\project_security\venv\Lib\site-packages\urllib3\connectionpool.py first seen with mtime 1721796363.490143
File C:\Users\Usuario\Downloads\project_security\securityapp\securityapp\migrations\__init__.py first seen with mtime 1721830321.4691765
File C:\Users\Usuario\Downloads\project_security\venv\Lib\site-packages\django\contrib\sessions\migrations\__init__.py first seen with mtime 1721792820.5639484
File C:\Users\Usuario\Downloads\project_security\venv\Lib\site-packages\django\contrib\messages\middleware.py first seen with mtime 1721792818.2018757
File C:\Users\Usuario\Downloads\project_security\venv\Lib\site-packages\django\contrib\auth\migrations\0012_alter_user_first_name_max_length.py first seen with mtime 1721792813.8486187
File C:\Users\Usuario\Downloads\project_security\venv\Lib\site-packages\django\contrib\admin\migrations\0001_initial.py first seen with mtime 1721792811.4781237
File C:\Users\Usuario\Downloads\project_security\venv\Lib\site-packages\django\contrib\admin\migrations\0003_logentry_add_action_flag_choices.py first seen with mtime 1721792811.4861186
File C:\Users\Usuario\Downloads\project_security\venv\Lib\site-packages\django\contrib\contenttypes\migrations\0001_initial.py first seen with mtime 1721792815.1856828
File C:\Users\Usuario\Downloads\project_security\venv\Lib\site-packages\django\contrib\auth\migrations\0003_alter_user_email_max_length.py first seen with mtime 1721792813.804777
File C:\Users\Usuario\Downloads\project_security\venv\Lib\site-packages\django\contrib\contenttypes\migrations\0002_remove_content_type_name.py first seen with mtime 1721792815.1914368
File C:\Users\Usuario\Downloads\project_security\venv\Lib\site-packages\django\views\defaults.py first seen with mtime 1721792822.9797027
File C:\Users\Usuario\Downloads\project_security\venv\Lib\site-packages\django\contrib\sessions\backends\db.py first seen with mtime 1721792819.7632418
File C:\Users\Usuario\Downloads\project_security\venv\Lib\site-packages\django\contrib\auth\migrations\0011_update_proxy_permissions.py first seen with mtime 1721792813.845619
File C:\Users\Usuario\Downloads\project_security\venv\Lib\site-packages\django\contrib\auth\migrations\0006_require_contenttypes_0002.py first seen with mtime 1721792813.8308792
File C:\Users\Usuario\Downloads\project_security\venv\Lib\site-packages\django\contrib\auth\migrations\0008_alter_user_username_max_length.py first seen with mtime 1721792813.8398738
File C:\Users\Usuario\Downloads\project_security\venv\Lib\site-packages\django\contrib\sessions\migrations\0001_initial.py first seen with mtime 1721792820.5619507
File C:\Users\Usuario\Downloads\project_security\venv\Lib\site-packages\django\contrib\admin\migrations\0002_logentry_remove_auto_add.py first seen with mtime 1721792811.4821205
File C:\Users\Usuario\Downloads\project_security\venv\Lib\site-packages\django\db\migrations\executor.py first seen with mtime 1721792822.1534555
File C:\Users\Usuario\Downloads\project_security\venv\Lib\site-packages\django\middleware\clickjacking.py first seen with mtime 1721792822.6487577
File C:\Users\Usuario\Downloads\project_security\venv\Lib\site-packages\django\contrib\auth\migrations\0002_alter_permission_name_max_length.py first seen with mtime 1721792813.8027775
File C:\Users\Usuario\Downloads\project_security\venv\Lib\site-packages\django\db\migrations\recorder.py first seen with mtime 1721792822.1644466
File C:\Users\Usuario\Downloads\project_security\securityapp\securityapp\middleware.py first seen with mtime 1721840779.3788464
File C:\Users\Usuario\Downloads\project_security\venv\Lib\site-packages\django\middleware\common.py first seen with mtime 1721792822.6507578
File C:\Users\Usuario\Downloads\project_security\venv\Lib\site-packages\django\contrib\auth\migrations\0009_alter_user_last_name_max_length.py first seen with mtime 1721792813.8418732
File C:\Users\Usuario\Downloads\project_security\securityapp\securityapp\wsgi.py first seen with mtime 1721792672.5270746
File C:\Users\Usuario\Downloads\project_security\venv\Lib\site-packages\django\contrib\admin\migrations\__init__.py first seen with mtime 1721792811.4871185
File C:\Users\Usuario\Downloads\project_security\venv\Lib\site-packages\django\contrib\auth\migrations\0004_alter_user_username_opts.py first seen with mtime 1721792813.8077748
File C:\Users\Usuario\Downloads\project_security\venv\Lib\site-packages\django\contrib\auth\migrations\__init__.py first seen with mtime 1721792813.849617
File C:\Users\Usuario\Downloads\project_security\venv\Lib\site-packages\django\contrib\auth\migrations\0005_alter_user_last_login_null.py first seen with mtime 1721792813.8128898
File C:\Users\Usuario\Downloads\project_security\venv\Lib\site-packages\django\contrib\sessions\exceptions.py first seen with mtime 1721792819.741624
File C:\Users\Usuario\Downloads\project_security\venv\Lib\site-packages\django\contrib\auth\migrations\0010_alter_group_name_max_length.py first seen with mtime 1721792813.843998
File C:\Users\Usuario\Downloads\project_security\venv\Lib\site-packages\django\contrib\auth\migrations\0007_alter_validators_add_error_messages.py first seen with mtime 1721792813.8358757
File C:\Users\Usuario\Downloads\project_security\venv\Lib\site-packages\django\db\migrations\graph.py first seen with mtime 1721792822.1554527
File C:\Users\Usuario\Downloads\project_security\venv\Lib\site-packages\django\db\models\sql\compiler.py first seen with mtime 1721792822.294529
File C:\Users\Usuario\Downloads\project_security\venv\Lib\site-packages\django\contrib\sessions\backends\base.py first seen with mtime 1721792819.7572443
File C:\Users\Usuario\Downloads\project_security\venv\Lib\site-packages\django\contrib\contenttypes\migrations\__init__.py first seen with mtime 1721792815.1944346
File C:\Users\Usuario\Downloads\project_security\venv\Lib\site-packages\django\conf\urls\__init__.py first seen with mtime 1721792809.680286
File C:\Users\Usuario\Downloads\project_security\venv\Lib\site-packages\django\contrib\auth\migrations\0001_initial.py first seen with mtime 1721792813.800779
File C:\Users\Usuario\Downloads\project_security\venv\Lib\site-packages\django\db\migrations\loader.py first seen with mtime 1721792822.157451
File C:\Users\Usuario\Downloads\project_security\securityapp\securityapp\migrations\0001_initial.py first seen with mtime 1721830328.0383513
(0.000) SELECT "securityapp_token"."id", "securityapp_token"."token_encrypted", "securityapp_token"."created_at", "securityapp_token"."updated_at", "securityapp_token"."expires_at" FROM "securityapp_token" ORDER BY "securityapp_token"."id" ASC LIMIT 1; args=(); alias=default
Not Found: /obtener_logs/
"GET /obtener_logs/ HTTP/1.1" 404 42
File C:\Users\Usuario\Downloads\project_security\venv\Lib\site-packages\django\contrib\messages\storage\fallback.py first seen with mtime 1721792818.216868
File C:\Users\Usuario\Downloads\project_security\venv\Lib\site-packages\django\contrib\sessions\serializers.py first seen with mtime 1721792819.7532146
File C:\Users\Usuario\Downloads\project_security\venv\Lib\site-packages\django\contrib\messages\storage\cookie.py first seen with mtime 1721792818.2138684
File C:\Users\Usuario\Downloads\project_security\venv\Lib\site-packages\django\contrib\messages\storage\session.py first seen with mtime 1721792818.218865
File C:\Users\Usuario\Downloads\project_security\venv\Lib\site-packages\tzdata\zoneinfo\America\__init__.py first seen with mtime 1721792803.984184
File C:\Users\Usuario\Downloads\project_security\venv\Lib\site-packages\tzdata\zoneinfo\__init__.py first seen with mtime 1721792803.4605503
File C:\Users\Usuario\Downloads\project_security\venv\Lib\site-packages\tzdata\__init__.py first seen with mtime 1721792803.340222
